2024-07-31T00:33:04.368Z [[32minfo[39m]: Connection to MongoDB successful!
2024-07-31T12:33:36.409Z [[32minfo[39m]: Connection to MongoDB successful!
2024-07-31T12:33:54.930Z [[32minfo[39m]: Connection to MongoDB successful!
2024-07-31T12:34:33.567Z [[32minfo[39m]: Connection to MongoDB successful!
2024-07-31T12:35:29.805Z [[32minfo[39m]: Connection to MongoDB successful!
2024-07-31T12:54:17.031Z [[32minfo[39m]: Connection to MongoDB successful!
2024-07-31T12:55:29.882Z [[32minfo[39m]: Connection to MongoDB successful!
2024-07-31T12:55:48.066Z [[32minfo[39m]: Connection to MongoDB successful!
2024-07-31T12:56:50.556Z [[32minfo[39m]: Connection to MongoDB successful!
2024-07-31T13:40:27.678Z [[32minfo[39m]: Connection to MongoDB successful!
2024-07-31T13:40:29.497Z [[32minfo[39m]: Connection to MongoDB successful!
2024-07-31T13:41:12.554Z [[32minfo[39m]: Connection to MongoDB successful!
2024-07-31T13:41:14.539Z [[32minfo[39m]: Connection to MongoDB successful!
2024-07-31T13:41:28.993Z [[32minfo[39m]: Connection to MongoDB successful!
2024-07-31T13:48:02.575Z [[32minfo[39m]: Connection to MongoDB successful!
2024-07-31T13:48:20.938Z [[32minfo[39m]: Connection to MongoDB successful!
2024-07-31T17:06:48.138Z [[32minfo[39m]: Connection to MongoDB successful!
2024-07-31T17:06:59.924Z [[32minfo[39m]: GET /api
2024-07-31T17:07:00.310Z [[32minfo[39m]: GET /favicon.ico
2024-07-31T17:07:08.444Z [[32minfo[39m]: GET /api/documentation
2024-07-31T17:07:14.739Z [[32minfo[39m]: GET /api-docs
2024-07-31T17:07:14.752Z [[32minfo[39m]: GET /api-docs/
2024-07-31T17:07:14.810Z [[32minfo[39m]: GET /api-docs/swagger-ui.css
2024-07-31T17:07:14.815Z [[32minfo[39m]: GET /api-docs/swagger-ui-bundle.js
2024-07-31T17:07:14.819Z [[32minfo[39m]: GET /api-docs/swagger-ui-standalone-preset.js
2024-07-31T17:07:14.823Z [[32minfo[39m]: GET /api-docs/swagger-ui-init.js
2024-07-31T17:07:15.160Z [[32minfo[39m]: GET /api-docs/favicon-32x32.png
2024-07-31T17:07:33.364Z [[32minfo[39m]: POST /api/auth/signup
2024-07-31T17:07:33.467Z [[32minfo[39m]: User created successfully
2024-07-31T17:09:38.398Z [[32minfo[39m]: Connection to MongoDB successful!
2024-07-31T17:09:49.382Z [[32minfo[39m]: Connection to MongoDB successful!
2024-07-31T17:09:52.228Z [[32minfo[39m]: GET /api-docs/
2024-07-31T17:09:52.281Z [[32minfo[39m]: GET /api-docs/swagger-ui.css
2024-07-31T17:09:52.287Z [[32minfo[39m]: GET /api-docs/swagger-ui-bundle.js
2024-07-31T17:09:52.290Z [[32minfo[39m]: GET /api-docs/swagger-ui-standalone-preset.js
2024-07-31T17:09:52.291Z [[32minfo[39m]: GET /api-docs/swagger-ui-init.js
2024-07-31T17:09:52.641Z [[32minfo[39m]: GET /api-docs/favicon-32x32.png
2024-07-31T17:10:08.069Z [[32minfo[39m]: POST /api/auth/signup
2024-07-31T17:10:08.070Z [[33mwarn[39m]: Invalid email format: test
2024-07-31T17:10:22.158Z [[32minfo[39m]: POST /api/auth/signup
2024-07-31T17:10:22.271Z [[32minfo[39m]: User created successfully
2024-07-31T17:10:39.653Z [[32minfo[39m]: POST /api/auth/signup
2024-07-31T17:10:39.744Z [[31merror[39m]: 500 - User validation failed: role: `adminr` is not a valid enum value for path `role`.
2024-07-31T17:10:48.420Z [[32minfo[39m]: POST /api/auth/signup
2024-07-31T17:10:48.508Z [[32minfo[39m]: User created successfully
2024-07-31T17:11:47.681Z [[32minfo[39m]: Connection to MongoDB successful!
2024-07-31T17:11:49.559Z [[32minfo[39m]: GET /api-docs/
2024-07-31T17:11:49.616Z [[32minfo[39m]: GET /api-docs/swagger-ui.css
2024-07-31T17:11:49.620Z [[32minfo[39m]: GET /api-docs/swagger-ui-bundle.js
2024-07-31T17:11:49.622Z [[32minfo[39m]: GET /api-docs/swagger-ui-standalone-preset.js
2024-07-31T17:11:49.627Z [[32minfo[39m]: GET /api-docs/swagger-ui-init.js
2024-07-31T17:11:49.980Z [[32minfo[39m]: GET /api-docs/favicon-32x32.png
2024-07-31T17:12:00.796Z [[32minfo[39m]: POST /api/auth/signup
2024-07-31T17:12:00.809Z [[33mwarn[39m]: User with email admin@test.com already exists
2024-07-31T17:12:31.784Z [[32minfo[39m]: Connection to MongoDB successful!
2024-07-31T17:14:44.811Z [[32minfo[39m]: Connection to MongoDB successful!
2024-07-31T17:14:51.566Z [[32minfo[39m]: Connection to MongoDB successful!
2024-07-31T17:15:01.899Z [[32minfo[39m]: GET /api-docs/
2024-07-31T17:15:01.951Z [[32minfo[39m]: GET /api-docs/swagger-ui.css
2024-07-31T17:15:01.955Z [[32minfo[39m]: GET /api-docs/swagger-ui-bundle.js
2024-07-31T17:15:01.957Z [[32minfo[39m]: GET /api-docs/swagger-ui-standalone-preset.js
2024-07-31T17:15:01.963Z [[32minfo[39m]: GET /api-docs/swagger-ui-init.js
2024-07-31T17:15:02.317Z [[32minfo[39m]: GET /api-docs/favicon-32x32.png
2024-07-31T17:15:53.143Z [[32minfo[39m]: Connection to MongoDB successful!
2024-07-31T17:16:12.733Z [[32minfo[39m]: Connection to MongoDB successful!
2024-07-31T17:16:13.820Z [[32minfo[39m]: GET /api-docs/
2024-07-31T17:16:13.872Z [[32minfo[39m]: GET /api-docs/swagger-ui.css
2024-07-31T17:16:13.876Z [[32minfo[39m]: GET /api-docs/swagger-ui-bundle.js
2024-07-31T17:16:13.878Z [[32minfo[39m]: GET /api-docs/swagger-ui-standalone-preset.js
2024-07-31T17:16:13.881Z [[32minfo[39m]: GET /api-docs/swagger-ui-init.js
2024-07-31T17:16:14.108Z [[32minfo[39m]: GET /api-docs/favicon-32x32.png
2024-07-31T17:16:37.774Z [[32minfo[39m]: Connection to MongoDB successful!
2024-07-31T17:16:41.310Z [[32minfo[39m]: GET /api-docs/
2024-07-31T17:16:41.368Z [[32minfo[39m]: GET /api-docs/swagger-ui.css
2024-07-31T17:16:41.371Z [[32minfo[39m]: GET /api-docs/swagger-ui-bundle.js
2024-07-31T17:16:41.373Z [[32minfo[39m]: GET /api-docs/swagger-ui-standalone-preset.js
2024-07-31T17:16:41.377Z [[32minfo[39m]: GET /api-docs/swagger-ui-init.js
2024-07-31T17:16:41.616Z [[32minfo[39m]: GET /api-docs/favicon-32x32.png
2024-07-31T17:17:26.339Z [[32minfo[39m]: POST /api/auth/signin
2024-07-31T17:17:52.434Z [[32minfo[39m]: POST /api/auth/signin
2024-07-31T17:18:15.636Z [[32minfo[39m]: Connection to MongoDB successful!
2024-07-31T17:18:23.609Z [[32minfo[39m]: GET /api-docs/
2024-07-31T17:18:23.677Z [[32minfo[39m]: GET /api-docs/swagger-ui.css
2024-07-31T17:18:23.682Z [[32minfo[39m]: GET /api-docs/swagger-ui-bundle.js
2024-07-31T17:18:23.684Z [[32minfo[39m]: GET /api-docs/swagger-ui-standalone-preset.js
2024-07-31T17:18:23.687Z [[32minfo[39m]: GET /api-docs/swagger-ui-init.js
2024-07-31T17:18:23.991Z [[32minfo[39m]: GET /api-docs/favicon-32x32.png
2024-07-31T17:18:37.543Z [[32minfo[39m]: POST /api/auth/login
2024-07-31T17:18:37.651Z [[32minfo[39m]: User admin@test.com logged in successfully
2024-07-31T17:22:30.089Z [[32minfo[39m]: Connection to MongoDB successful!
2024-07-31T17:22:36.568Z [[32minfo[39m]: Connection to MongoDB successful!
2024-08-01T13:06:22.390Z [[32minfo[39m]: Connection to MongoDB successful!
2024-08-01T13:06:25.518Z [[32minfo[39m]: GET /api-docs/
2024-08-01T13:06:25.679Z [[32minfo[39m]: GET /api-docs/swagger-ui.css
2024-08-01T13:06:25.696Z [[32minfo[39m]: GET /api-docs/swagger-ui-bundle.js
2024-08-01T13:06:25.705Z [[32minfo[39m]: GET /api-docs/swagger-ui-standalone-preset.js
2024-08-01T13:06:25.707Z [[32minfo[39m]: GET /api-docs/swagger-ui-init.js
2024-08-01T13:06:27.521Z [[32minfo[39m]: GET /api-docs/favicon-32x32.png
2024-08-01T13:11:11.254Z [[32minfo[39m]: Connection to MongoDB successful!
2024-08-01T13:31:26.688Z [[32minfo[39m]: Connection to MongoDB successful!
2024-08-01T13:31:40.670Z [[32minfo[39m]: Connection to MongoDB successful!
2024-08-01T13:31:55.526Z [[32minfo[39m]: Connection to MongoDB successful!
2024-08-01T13:32:00.289Z [[32minfo[39m]: Connection to MongoDB successful!
2024-08-01T13:34:08.174Z [[32minfo[39m]: OPTIONS /api/auth/signup
2024-08-01T13:34:08.206Z [[32minfo[39m]: POST /api/auth/signup
2024-08-01T13:34:08.333Z [[32minfo[39m]: User created successfully
2024-08-01T13:34:26.521Z [[32minfo[39m]: OPTIONS /api/auth/login
2024-08-01T13:34:26.526Z [[32minfo[39m]: POST /api/auth/login
2024-08-01T13:34:26.615Z [[32minfo[39m]: User admin@admin.co logged in successfully
2024-08-01T13:34:38.730Z [[32minfo[39m]: OPTIONS /api/packages?page=0
2024-08-01T13:34:38.738Z [[32minfo[39m]: OPTIONS /api/deliveries?page=0
2024-08-01T13:34:38.744Z [[32minfo[39m]: GET /api/packages?page=0
2024-08-01T13:34:38.750Z [[32minfo[39m]: GET /api/deliveries?page=0
2024-08-01T13:34:38.797Z [[32minfo[39m]: Fetched packages
2024-08-01T13:34:59.425Z [[32minfo[39m]: OPTIONS /api/packages?page=0
2024-08-01T13:34:59.431Z [[32minfo[39m]: OPTIONS /api/deliveries?page=0
2024-08-01T13:34:59.439Z [[32minfo[39m]: GET /api/packages?page=0
2024-08-01T13:34:59.448Z [[32minfo[39m]: Fetched packages
2024-08-01T13:34:59.455Z [[32minfo[39m]: GET /api/deliveries?page=0
2024-08-01T13:35:31.697Z [[32minfo[39m]: OPTIONS /api/auth/login
2024-08-01T13:35:31.732Z [[32minfo[39m]: POST /api/auth/login
2024-08-01T13:35:31.813Z [[32minfo[39m]: User admin@admin.co logged in successfully
2024-08-01T13:36:05.760Z [[32minfo[39m]: OPTIONS /api/packages?page=0
2024-08-01T13:36:05.769Z [[32minfo[39m]: OPTIONS /api/deliveries?page=0
2024-08-01T13:36:05.771Z [[32minfo[39m]: GET /api/packages?page=0
2024-08-01T13:36:05.774Z [[32minfo[39m]: GET /api/deliveries?page=0
2024-08-01T13:36:05.782Z [[32minfo[39m]: Fetched packages
2024-08-01T13:36:28.933Z [[32minfo[39m]: OPTIONS /api/auth/login
2024-08-01T13:36:28.941Z [[32minfo[39m]: POST /api/auth/login
2024-08-01T13:36:29.011Z [[32minfo[39m]: User admin@admin.co logged in successfully
2024-08-01T13:47:02.047Z [[32minfo[39m]: Connection to MongoDB successful!
2024-08-01T13:53:57.397Z [[32minfo[39m]: Connection to MongoDB successful!
2024-08-01T13:53:59.746Z [[32minfo[39m]: Connection to MongoDB successful!
2024-08-01T13:54:29.392Z [[32minfo[39m]: Connection to MongoDB successful!
2024-08-01T13:54:39.435Z [[32minfo[39m]: Connection to MongoDB successful!
2024-08-01T13:54:58.959Z [[32minfo[39m]: Connection to MongoDB successful!
2024-08-01T13:55:06.540Z [[32minfo[39m]: Connection to MongoDB successful!
2024-08-01T13:55:42.977Z [[32minfo[39m]: Connection to MongoDB successful!
2024-08-01T13:55:48.334Z [[32minfo[39m]: Connection to MongoDB successful!
2024-08-01T13:58:19.021Z [[32minfo[39m]: Connection to MongoDB successful!
2024-08-01T13:58:30.094Z [[32minfo[39m]: Connection to MongoDB successful!
2024-08-01T13:58:38.877Z [[32minfo[39m]: Connection to MongoDB successful!
2024-08-01T13:59:01.606Z [[32minfo[39m]: Connection to MongoDB successful!
2024-08-01T13:59:19.178Z [[32minfo[39m]: Connection to MongoDB successful!
2024-08-01T13:59:25.496Z [[32minfo[39m]: Connection to MongoDB successful!
2024-08-01T13:59:45.419Z [[32minfo[39m]: Connection to MongoDB successful!
2024-08-01T14:00:49.785Z [[32minfo[39m]: Connection to MongoDB successful!
2024-08-01T14:01:18.667Z [[32minfo[39m]: Connection to MongoDB successful!
2024-08-01T14:01:20.059Z [[32minfo[39m]: Connection to MongoDB successful!
2024-08-01T15:21:23.518Z [[32minfo[39m]: Connection to MongoDB successful!
2024-08-01T15:21:48.627Z [[32minfo[39m]: Connection to MongoDB successful!
2024-08-01T15:21:58.304Z [[32minfo[39m]: Connection to MongoDB successful!
2024-08-01T15:22:21.067Z [[32minfo[39m]: Connection to MongoDB successful!
2024-08-01T15:22:39.907Z [[32minfo[39m]: Connection to MongoDB successful!
2024-08-01T15:24:57.628Z [[32minfo[39m]: Connection to MongoDB successful!
2024-08-01T15:25:44.805Z [[32minfo[39m]: Connection to MongoDB successful!
2024-08-01T15:26:10.815Z [[32minfo[39m]: Connection to MongoDB successful!
2024-08-01T15:26:46.052Z [[32minfo[39m]: Connection to MongoDB successful!
2024-08-01T15:26:57.895Z [[32minfo[39m]: Connection to MongoDB successful!
2024-08-01T15:27:06.517Z [[32m'info'[39m]: POST /api/deliveries
2024-08-01T15:27:06.550Z [[32m'info'[39m]: Connection to MongoDB successful!
2024-08-01T15:27:06.552Z [[32m'info'[39m]: GET /api/deliveries
2024-08-01T15:27:06.561Z [[32m'info'[39m]: GET /api/deliveries/1
2024-08-01T15:27:06.573Z [[32m'info'[39m]: PUT /api/deliveries/1
2024-08-01T15:27:06.584Z [[32m'info'[39m]: DELETE /api/deliveries/1
2024-08-01T16:24:06.710Z [[32minfo[39m]: Connection to MongoDB successful!
2024-08-01T16:24:18.589Z [[32minfo[39m]: Connection to MongoDB successful!
2024-08-01T16:24:30.497Z [[32minfo[39m]: Connection to MongoDB successful!
2024-08-01T16:24:44.933Z [[32minfo[39m]: Connection to MongoDB successful!
2024-08-01T16:24:52.679Z [[32minfo[39m]: Connection to MongoDB successful!
2024-08-01T16:25:10.038Z [[32minfo[39m]: Connection to MongoDB successful!
2024-08-01T16:25:17.294Z [[32minfo[39m]: Connection to MongoDB successful!
2024-08-01T16:32:47.678Z [[32minfo[39m]: Connection to MongoDB successful!
2024-08-01T16:33:18.797Z [[32minfo[39m]: Connection to MongoDB successful!
2024-08-01T16:33:37.575Z [[32m'info'[39m]: POST /api/auth/signup
2024-08-01T16:33:37.634Z [[32m'info'[39m]: Connection to MongoDB successful!
2024-08-01T16:33:37.874Z [[32m'info'[39m]: User created successfully
2024-08-01T16:33:37.908Z [[32m'info'[39m]: POST /api/auth/login
2024-08-01T16:33:37.911Z [[33m'warn'[39m]: User with email test@example.com not found
2024-08-01T16:33:37.939Z [[32m'info'[39m]: POST /api/deliveries
2024-08-01T16:33:37.979Z [[32m'info'[39m]: GET /api/deliveries
2024-08-01T16:33:37.996Z [[32m'info'[39m]: GET /api/deliveries/1
2024-08-01T16:33:38.016Z [[32m'info'[39m]: PUT /api/deliveries/1
2024-08-01T16:33:38.032Z [[32m'info'[39m]: DELETE /api/deliveries/1
2024-08-01T16:36:10.473Z [[32minfo[39m]: Connection to MongoDB successful!
2024-08-01T16:36:15.020Z [[32minfo[39m]: Connection to MongoDB successful!
2024-08-01T16:36:34.421Z [[32m'info'[39m]: POST /api/auth/signup
2024-08-01T16:36:34.515Z [[32m'info'[39m]: Connection to MongoDB successful!
2024-08-01T16:36:34.678Z [[32m'info'[39m]: User created successfully
2024-08-01T16:36:34.706Z [[32m'info'[39m]: POST /api/auth/login
2024-08-01T16:36:34.708Z [[33m'warn'[39m]: User with email test@example.com not found
2024-08-01T16:36:34.735Z [[32m'info'[39m]: POST /api/deliveries
2024-08-01T16:36:34.764Z [[32m'info'[39m]: GET /api/deliveries
2024-08-01T16:36:34.782Z [[32m'info'[39m]: GET /api/deliveries/1
2024-08-01T16:36:34.805Z [[32m'info'[39m]: PUT /api/deliveries/1
2024-08-01T16:36:34.823Z [[32m'info'[39m]: DELETE /api/deliveries/1
2024-08-01T16:43:48.136Z [[32minfo[39m]: Connection to MongoDB successful!
2024-08-01T16:44:05.092Z [[32minfo[39m]: Connection to MongoDB successful!
2024-08-01T16:44:25.954Z [[32m'info'[39m]: POST /api/auth/signup
2024-08-01T16:44:26.008Z [[32m'info'[39m]: Connection to MongoDB successful!
2024-08-01T16:44:26.157Z [[32m'info'[39m]: User created successfully
2024-08-01T16:44:26.181Z [[32m'info'[39m]: POST /api/auth/login
2024-08-01T16:44:26.183Z [[33m'warn'[39m]: User with email test@example.com not found
2024-08-01T16:44:26.205Z [[32m'info'[39m]: POST /api/deliveries
2024-08-01T16:44:26.235Z [[32m'info'[39m]: GET /api/deliveries
2024-08-01T16:44:26.249Z [[32m'info'[39m]: GET /api/deliveries/1
2024-08-01T16:44:26.265Z [[32m'info'[39m]: PUT /api/deliveries/1
2024-08-01T16:44:26.279Z [[32m'info'[39m]: DELETE /api/deliveries/1
2024-08-01T16:48:18.982Z [[32minfo[39m]: Connection to MongoDB successful!
2024-08-01T16:48:32.128Z [[32m'info'[39m]: POST /api/auth/signup
2024-08-01T16:48:32.189Z [[32m'info'[39m]: Connection to MongoDB successful!
2024-08-01T16:48:32.351Z [[32m'info'[39m]: User created successfully
2024-08-01T16:48:32.378Z [[32m'info'[39m]: POST /api/auth/login
2024-08-01T16:48:32.382Z [[33m'warn'[39m]: User with email test@example.com not found
2024-08-01T16:48:32.409Z [[32m'info'[39m]: POST /api/deliveries
2024-08-01T16:48:32.441Z [[32m'info'[39m]: GET /api/deliveries
2024-08-01T16:48:32.457Z [[32m'info'[39m]: GET /api/deliveries/1
2024-08-01T16:48:32.475Z [[32m'info'[39m]: PUT /api/deliveries/1
2024-08-01T16:48:32.489Z [[32m'info'[39m]: DELETE /api/deliveries/1
2024-08-01T16:50:04.187Z [[32minfo[39m]: Connection to MongoDB successful!
2024-08-01T16:51:14.677Z [[32minfo[39m]: OPTIONS /api/auth/login
2024-08-01T16:51:14.754Z [[32minfo[39m]: POST /api/auth/login
2024-08-01T16:51:14.976Z [[32minfo[39m]: User admin@admin.co logged in successfully
2024-08-01T16:51:37.141Z [[32minfo[39m]: Connection to MongoDB successful!
2024-08-01T16:51:53.864Z [[32minfo[39m]: OPTIONS /api/auth/login
2024-08-01T16:51:53.918Z [[32minfo[39m]: POST /api/auth/login
2024-08-01T16:51:54.129Z [[32minfo[39m]: User admin@admin.co logged in successfully
2024-08-01T16:52:16.841Z [[32minfo[39m]: Connection to MongoDB successful!
2024-08-01T16:52:26.120Z [[32minfo[39m]: Connection to MongoDB successful!
2024-08-01T16:52:44.591Z [[32m'info'[39m]: POST /api/auth/signup
2024-08-01T16:52:44.656Z [[32m'info'[39m]: Connection to MongoDB successful!
2024-08-01T16:52:44.818Z [[32m'info'[39m]: User created successfully
2024-08-01T16:52:44.845Z [[32m'info'[39m]: POST /api/auth/login
2024-08-01T16:52:44.847Z [[33m'warn'[39m]: User with email test@example.com not found
2024-08-01T16:52:44.879Z [[32m'info'[39m]: POST /api/deliveries
2024-08-01T16:52:44.909Z [[32m'info'[39m]: GET /api/deliveries
2024-08-01T16:52:44.927Z [[32m'info'[39m]: GET /api/deliveries/1
2024-08-01T16:52:44.947Z [[32m'info'[39m]: PUT /api/deliveries/1
2024-08-01T16:52:44.962Z [[32m'info'[39m]: DELETE /api/deliveries/1
2024-08-01T16:56:53.055Z [[32minfo[39m]: Connection to MongoDB successful!
2024-08-01T16:57:04.552Z [[32minfo[39m]: Connection to MongoDB successful!
2024-08-01T16:57:25.406Z [[32m'info'[39m]: POST /api/auth/signup
2024-08-01T16:57:25.449Z [[32m'info'[39m]: Connection to MongoDB successful!
2024-08-01T16:57:25.610Z [[32m'info'[39m]: User created successfully
2024-08-01T16:57:25.635Z [[32m'info'[39m]: POST /api/auth/login
2024-08-01T16:57:25.637Z [[33m'warn'[39m]: User with email test@example.com not found
2024-08-01T16:57:25.657Z [[32m'info'[39m]: POST /api/deliveries
2024-08-01T16:57:25.685Z [[32m'info'[39m]: GET /api/deliveries
2024-08-01T16:57:25.701Z [[32m'info'[39m]: GET /api/deliveries/1
2024-08-01T16:57:25.719Z [[32m'info'[39m]: PUT /api/deliveries/1
2024-08-01T16:57:25.737Z [[32m'info'[39m]: DELETE /api/deliveries/1
2024-08-01T16:59:50.014Z [[32minfo[39m]: Connection to MongoDB successful!
2024-08-01T17:00:38.704Z [[32m'info'[39m]: POST /api/auth/signup
2024-08-01T17:00:38.806Z [[32m'info'[39m]: Connection to MongoDB successful!
2024-08-01T17:00:38.983Z [[32m'info'[39m]: User created successfully
2024-08-01T17:00:39.013Z [[32m'info'[39m]: POST /api/auth/login
2024-08-01T17:00:39.016Z [[33m'warn'[39m]: User with email test@example.com not found
2024-08-01T17:00:39.044Z [[32m'info'[39m]: POST /api/deliveries
2024-08-01T17:00:39.079Z [[32m'info'[39m]: GET /api/deliveries
2024-08-01T17:00:39.096Z [[32m'info'[39m]: GET /api/deliveries/1
2024-08-01T17:00:39.117Z [[32m'info'[39m]: PUT /api/deliveries/1
2024-08-01T17:00:39.133Z [[32m'info'[39m]: DELETE /api/deliveries/1
2024-08-01T17:02:12.061Z [[32minfo[39m]: Connection to MongoDB successful!
2024-08-01T17:02:25.202Z [[32m'info'[39m]: POST /api/auth/signup
2024-08-01T17:02:25.252Z [[32m'info'[39m]: Connection to MongoDB successful!
2024-08-01T17:02:25.387Z [[32m'info'[39m]: User created successfully
2024-08-01T17:02:25.409Z [[32m'info'[39m]: POST /api/auth/login
2024-08-01T17:02:25.411Z [[33m'warn'[39m]: User with email test@example.com not found
2024-08-01T17:02:25.484Z [[32m'info'[39m]: POST /api/deliveries
2024-08-01T17:02:25.510Z [[32m'info'[39m]: GET /api/deliveries
2024-08-01T17:02:25.526Z [[32m'info'[39m]: GET /api/deliveries/1
2024-08-01T17:02:25.542Z [[32m'info'[39m]: PUT /api/deliveries/1
2024-08-01T17:02:25.557Z [[32m'info'[39m]: DELETE /api/deliveries/1
2024-08-01T17:03:07.631Z [[32m'info'[39m]: POST /api/auth/signup
2024-08-01T17:03:07.718Z [[32m'info'[39m]: Connection to MongoDB successful!
2024-08-01T17:03:07.905Z [[32m'info'[39m]: User created successfully
2024-08-01T17:03:07.933Z [[32m'info'[39m]: POST /api/auth/login
2024-08-01T17:03:07.935Z [[33m'warn'[39m]: User with email test@example.com not found
2024-08-01T17:03:08.030Z [[32m'info'[39m]: POST /api/deliveries
2024-08-01T17:03:08.061Z [[32m'info'[39m]: GET /api/deliveries
2024-08-01T17:03:08.079Z [[32m'info'[39m]: GET /api/deliveries/1
2024-08-01T17:03:08.099Z [[32m'info'[39m]: PUT /api/deliveries/1
2024-08-01T17:03:08.117Z [[32m'info'[39m]: DELETE /api/deliveries/1
2024-08-01T17:09:00.035Z [[32minfo[39m]: Connection to MongoDB successful!
2024-08-01T17:09:09.594Z [[32minfo[39m]: Connection to MongoDB successful!
2024-08-01T17:09:31.568Z [[32m'info'[39m]: POST /api/auth/signup
2024-08-01T17:09:31.660Z [[32m'info'[39m]: Connection to MongoDB successful!
2024-08-01T17:09:31.645Z [[32m'info'[39m]: Connection to MongoDB successful!
2024-08-01T17:09:31.800Z [[32m'info'[39m]: User created successfully
2024-08-01T17:09:31.830Z [[32m'info'[39m]: POST /api/auth/login
2024-08-01T17:09:31.834Z [[33m'warn'[39m]: User with email test@example.com not found
2024-08-01T17:09:31.913Z [[32m'info'[39m]: POST /api/deliveries
2024-08-01T17:09:31.945Z [[32m'info'[39m]: GET /api/deliveries
2024-08-01T17:09:31.959Z [[32m'info'[39m]: GET /api/deliveries/1
2024-08-01T17:09:31.975Z [[32m'info'[39m]: PUT /api/deliveries/1
2024-08-01T17:09:31.989Z [[32m'info'[39m]: DELETE /api/deliveries/1
2024-08-01T17:16:49.866Z [[32minfo[39m]: OPTIONS /api/auth/login
2024-08-01T17:16:49.927Z [[32minfo[39m]: POST /api/auth/login
2024-08-01T17:16:50.169Z [[32minfo[39m]: User admin@admin.co logged in successfully
2024-08-01T17:20:44.001Z [[32minfo[39m]: Connection to MongoDB successful!
2024-08-01T17:20:57.911Z [[32m'info'[39m]: Connection to MongoDB successful!
2024-08-01T17:21:34.156Z [[32m'info'[39m]: Connection to MongoDB successful!
2024-08-01T17:22:44.113Z [[32minfo[39m]: Connection to MongoDB successful!
2024-08-01T17:22:57.553Z [[32m'info'[39m]: Connection to MongoDB successful!
2024-08-01T17:22:57.618Z [[32m'info'[39m]: POST /api/auth/signup
2024-08-01T17:22:57.736Z [[32m'info'[39m]: User created successfully
2024-08-01T17:23:16.312Z [[32minfo[39m]: Connection to MongoDB successful!
2024-08-01T17:24:09.406Z [[32minfo[39m]: Connection to MongoDB successful!
2024-08-01T17:24:15.965Z [[32m'info'[39m]: Connection to MongoDB successful!
2024-08-01T17:24:16.028Z [[32m'info'[39m]: POST /api/auth/signup
2024-08-01T17:24:16.113Z [[32m'info'[39m]: User created successfully
2024-08-01T17:24:16.587Z [[32m'info'[39m]: POST /api/auth/signup
2024-08-01T17:24:16.612Z [[32m'info'[39m]: Connection to MongoDB successful!
2024-08-01T17:24:16.680Z [[32m'info'[39m]: User created successfully
2024-08-01T17:24:16.696Z [[32m'info'[39m]: POST /api/auth/login
2024-08-01T17:24:16.697Z [[33m'warn'[39m]: User with email test@example.com not found
2024-08-01T17:24:16.730Z [[32m'info'[39m]: POST /api/deliveries
2024-08-01T17:24:16.740Z [[32m'info'[39m]: GET /api/deliveries
2024-08-01T17:24:16.746Z [[32m'info'[39m]: GET /api/deliveries/1
2024-08-01T17:24:16.754Z [[32m'info'[39m]: PUT /api/deliveries/1
2024-08-01T17:24:16.759Z [[32m'info'[39m]: DELETE /api/deliveries/1
2024-08-01T17:25:07.185Z [[32minfo[39m]: Connection to MongoDB successful!
2024-08-01T17:25:19.876Z [[32m'info'[39m]: Connection to MongoDB successful!
2024-08-01T17:25:19.933Z [[32m'info'[39m]: POST /api/auth/signup
2024-08-01T17:25:20.025Z [[32m'info'[39m]: User created successfully
2024-08-01T17:25:20.216Z [[32m'info'[39m]: Connection to MongoDB successful!
2024-08-01T17:25:20.258Z [[32m'info'[39m]: POST /api/auth/signup
2024-08-01T17:25:20.357Z [[32m'info'[39m]: User created successfully
2024-08-01T17:25:20.371Z [[32m'info'[39m]: POST /api/auth/login
2024-08-01T17:25:20.373Z [[33m'warn'[39m]: User with email test@example.com not found
2024-08-01T17:25:20.409Z [[32m'info'[39m]: POST /api/deliveries
2024-08-01T17:25:20.422Z [[32m'info'[39m]: GET /api/deliveries
2024-08-01T17:25:20.431Z [[32m'info'[39m]: GET /api/deliveries/1
2024-08-01T17:25:20.439Z [[32m'info'[39m]: PUT /api/deliveries/1
2024-08-01T17:25:20.446Z [[32m'info'[39m]: DELETE /api/deliveries/1
2024-08-01T23:35:27.702Z [[32minfo[39m]: Connection to MongoDB successful!
2024-08-01T23:35:50.702Z [[32minfo[39m]: Connection to MongoDB successful!
2024-08-01T23:37:53.293Z [[32minfo[39m]: Connection to MongoDB successful!
2024-08-01T23:38:43.434Z [[32minfo[39m]: Connection to MongoDB successful!
2024-08-01T23:38:58.721Z [[32minfo[39m]: Connection to MongoDB successful!
2024-08-01T23:39:24.508Z [[32minfo[39m]: Connection to MongoDB successful!
2024-08-01T23:39:43.381Z [[32minfo[39m]: Connection to MongoDB successful!
2024-08-01T23:39:59.657Z [[32minfo[39m]: Connection to MongoDB successful!
2024-08-01T23:40:04.012Z [[32m'info'[39m]: Connection to MongoDB successful!
2024-08-01T23:40:04.096Z [[32m'info'[39m]: POST /api/auth/signup
2024-08-01T23:40:04.219Z [[32m'info'[39m]: User created successfully
2024-08-01T23:41:06.669Z [[32minfo[39m]: Connection to MongoDB successful!
2024-08-01T23:41:19.700Z [[32minfo[39m]: Connection to MongoDB successful!
2024-08-01T23:41:35.345Z [[32minfo[39m]: Connection to MongoDB successful!
2024-08-01T23:41:44.736Z [[32minfo[39m]: Connection to MongoDB successful!
2024-08-01T23:41:51.779Z [[32minfo[39m]: Connection to MongoDB successful!
2024-08-01T23:42:05.312Z [[32minfo[39m]: Connection to MongoDB successful!
2024-08-01T23:42:42.782Z [[32minfo[39m]: Connection to MongoDB successful!
2024-08-01T23:42:54.246Z [[32minfo[39m]: Connection to MongoDB successful!
2024-08-01T23:42:57.923Z [[32m'info'[39m]: Connection to MongoDB successful!
2024-08-01T23:44:15.073Z [[32minfo[39m]: Connection to MongoDB successful!
2024-08-01T23:44:18.930Z [[32m'info'[39m]: Connection to MongoDB successful!
2024-08-01T23:45:58.211Z [[32minfo[39m]: Connection to MongoDB successful!
2024-08-01T23:46:02.052Z [[32m'info'[39m]: Connection to MongoDB successful!
2024-08-01T23:49:58.991Z [[32minfo[39m]: Connection to MongoDB successful!
2024-08-01T23:50:10.935Z [[32minfo[39m]: Connection to MongoDB successful!
2024-08-01T23:50:14.637Z [[32m'info'[39m]: Connection to MongoDB successful!
2024-08-01T23:50:33.998Z [[32minfo[39m]: Connection to MongoDB successful!
2024-08-01T23:50:50.199Z [[32minfo[39m]: Connection to MongoDB successful!
2024-08-01T23:50:50.809Z [[32m'info'[39m]: Connection to MongoDB successful!
2024-08-02T00:00:50.904Z [[32minfo[39m]: Connection to MongoDB successful!
2024-08-02T00:00:51.050Z [[32m'info'[39m]: Connection to MongoDB successful!
2024-08-02T00:01:34.466Z [[32minfo[39m]: Connection to MongoDB successful!
2024-08-02T00:01:35.255Z [[32m'info'[39m]: Connection to MongoDB successful!
2024-08-02T00:01:35.409Z [[32m'info'[39m]: POST /api/auth/signup
2024-08-02T00:01:35.723Z [[32m'info'[39m]: User created successfully
2024-08-02T00:06:42.282Z [[32m'info'[39m]: Connection to MongoDB successful!
2024-08-02T00:06:42.287Z [[32minfo[39m]: Connection to MongoDB successful!
2024-08-02T00:06:42.293Z [[32minfo[39m]: Connection to MongoDB successful!
2024-08-02T00:06:42.353Z [[32m'info'[39m]: POST /api/auth/signup
2024-08-02T00:06:42.428Z [[32m'info'[39m]: User created successfully
2024-08-02T00:08:58.884Z [[32minfo[39m]: Connection to MongoDB successful!
2024-08-02T00:08:58.908Z [[32minfo[39m]: Connection to MongoDB successful!
2024-08-02T00:08:59.069Z [[32m'info'[39m]: Connection to MongoDB successful!
2024-08-02T00:08:59.131Z [[32m'info'[39m]: POST /api/auth/signup
2024-08-02T00:08:59.216Z [[32m'info'[39m]: User created successfully
2024-08-02T00:11:05.332Z [[32minfo[39m]: Connection to MongoDB successful!
2024-08-02T00:11:05.337Z [[32m'info'[39m]: Connection to MongoDB successful!
2024-08-02T00:11:05.388Z [[32m'info'[39m]: POST /api/auth/signup
2024-08-02T00:11:05.390Z [[32minfo[39m]: Connection to MongoDB successful!
2024-08-02T00:11:05.472Z [[32m'info'[39m]: User created successfully
2024-08-02T19:00:49.296Z [[32m'info'[39m]: Connection to MongoDB successful!
2024-08-02T19:00:49.338Z [[32m'info'[39m]: POST /api/auth/signup
2024-08-02T19:00:49.404Z [[32m'info'[39m]: User created successfully
2024-08-02T19:01:15.976Z [[32m'info'[39m]: Connection to MongoDB successful!
2024-08-02T19:01:16.004Z [[32m'info'[39m]: POST /api/auth/signup
2024-08-02T19:01:16.068Z [[32m'info'[39m]: User created successfully
2024-08-02T19:01:40.313Z [[32m'info'[39m]: Connection to MongoDB successful!
2024-08-02T19:01:40.344Z [[32m'info'[39m]: POST /api/auth/signup
2024-08-02T19:01:40.414Z [[32m'info'[39m]: User created successfully
2024-08-02T19:02:57.194Z [[32minfo[39m]: Connection to MongoDB successful!
2024-08-02T19:03:25.984Z [[32minfo[39m]: Connection to MongoDB successful!
2024-08-02T19:03:52.604Z [[32minfo[39m]: Connection to MongoDB successful!
2024-08-02T19:05:17.481Z [[32minfo[39m]: Connection to MongoDB successful!
2024-08-02T19:07:13.219Z [[32minfo[39m]: Connection to MongoDB successful!
2024-08-02T19:07:13.319Z [[32minfo[39m]: POST /api/deliveries
2024-08-02T19:07:13.324Z [[32minfo[39m]: Created new delivery with ID: 6df2d08a-8d75-4565-9395-a13adfe9544c
2024-08-02T19:07:13.343Z [[32minfo[39m]: GET /api/deliveries
2024-08-02T19:07:13.364Z [[32minfo[39m]: GET /api/deliveries/1
2024-08-02T19:07:13.365Z [[32minfo[39m]: Fetched delivery with ID 1
2024-08-02T19:07:13.385Z [[32minfo[39m]: PUT /api/deliveries/1
2024-08-02T19:07:13.387Z [[32minfo[39m]: Updated delivery with ID 1
2024-08-02T19:07:13.394Z [[32minfo[39m]: DELETE /api/deliveries/1
2024-08-02T19:07:13.395Z [[32minfo[39m]: Deleted delivery with ID 1
2024-08-02T19:10:28.710Z [[32minfo[39m]: Connection to MongoDB successful!
2024-08-02T19:10:28.853Z [[32minfo[39m]: POST /api/deliveries
2024-08-02T19:10:28.858Z [[32minfo[39m]: Created new delivery with ID: 1f3a8c86-c258-48d6-9c8d-9e4e3056461f
2024-08-02T19:10:28.872Z [[32minfo[39m]: GET /api/deliveries
2024-08-02T19:10:28.874Z [[32minfo[39m]: Fetched all deliveries
2024-08-02T19:10:28.881Z [[32minfo[39m]: GET /api/deliveries/1
2024-08-02T19:10:28.882Z [[32minfo[39m]: Fetched delivery with ID 1
2024-08-02T19:10:28.888Z [[32minfo[39m]: PUT /api/deliveries/1
2024-08-02T19:10:28.890Z [[32minfo[39m]: Updated delivery with ID 1
2024-08-02T19:10:28.897Z [[32minfo[39m]: DELETE /api/deliveries/1
2024-08-02T19:10:28.897Z [[32minfo[39m]: Deleted delivery with ID 1
2024-08-02T19:12:53.082Z [[32minfo[39m]: Connection to MongoDB successful!
2024-08-02T19:12:53.241Z [[32minfo[39m]: POST /api/deliveries
2024-08-02T19:12:53.249Z [[32minfo[39m]: Created new delivery with ID: e089f158-4b1d-40a8-97f2-9a382c24cbf2
2024-08-02T19:12:53.266Z [[32minfo[39m]: GET /api/deliveries
2024-08-02T19:12:53.269Z [[32minfo[39m]: Fetched all deliveries
2024-08-02T19:12:53.278Z [[32minfo[39m]: GET /api/deliveries/1
2024-08-02T19:12:53.280Z [[32minfo[39m]: Fetched delivery with ID 1
2024-08-02T19:12:53.287Z [[32minfo[39m]: PUT /api/deliveries/1
2024-08-02T19:12:53.289Z [[32minfo[39m]: Updated delivery with ID 1
2024-08-02T19:12:53.297Z [[32minfo[39m]: DELETE /api/deliveries/1
2024-08-02T19:12:53.298Z [[32minfo[39m]: Deleted delivery with ID 1
2024-08-02T19:13:11.980Z [[32minfo[39m]: Connection to MongoDB successful!
2024-08-02T19:13:12.083Z [[32minfo[39m]: POST /api/packages
2024-08-02T19:13:12.086Z [[32minfo[39m]: Package created with ID: a5d99fa8-f87f-4753-85d2-043f211581b6
2024-08-02T19:13:12.098Z [[32minfo[39m]: GET /api/packages
2024-08-02T19:13:12.102Z [[31merror[39m]: 500 - Package.find(...).sort is not a function
2024-08-02T19:13:12.112Z [[32minfo[39m]: GET /api/packages/1
2024-08-02T19:13:12.115Z [[31merror[39m]: 500 - Package.findById(...).populate is not a function
2024-08-02T19:13:12.125Z [[32minfo[39m]: PUT /api/packages/1
2024-08-02T19:13:12.166Z [[33mwarn[39m]: Package with ID 1 not found
2024-08-02T19:13:12.175Z [[32minfo[39m]: DELETE /api/packages/1
2024-08-02T19:13:12.179Z [[33mwarn[39m]: Package with ID 1 not found
2024-08-02T19:59:12.252Z [[32minfo[39m]: Connection to MongoDB successful!
2024-08-02T19:59:12.561Z [[32minfo[39m]: POST /api/packages
2024-08-02T19:59:12.571Z [[32minfo[39m]: Package created with ID: 1569c4ba-06df-4597-899e-2dec2b0f7d89
2024-08-02T19:59:12.613Z [[32minfo[39m]: GET /api/packages
2024-08-02T19:59:12.624Z [[31merror[39m]: 500 - Package.find(...).sort is not a function
2024-08-02T19:59:12.657Z [[32minfo[39m]: GET /api/packages/1
2024-08-02T19:59:12.666Z [[31merror[39m]: 500 - Package.findById(...).populate is not a function
2024-08-02T19:59:12.705Z [[32minfo[39m]: PUT /api/packages/1
2024-08-02T19:59:12.744Z [[33mwarn[39m]: Package with ID 1 not found
2024-08-02T19:59:12.773Z [[32minfo[39m]: DELETE /api/packages/1
2024-08-02T19:59:12.786Z [[33mwarn[39m]: Package with ID 1 not found
2024-08-02T20:22:51.799Z [[32m'info'[39m]: Connection to MongoDB successful!
2024-08-02T20:24:23.762Z [[32m'info'[39m]: Connection to MongoDB successful!
2024-08-02T20:24:23.932Z [[32m'info'[39m]: POST /api/auth/signup
2024-08-02T20:24:24.122Z [[32m'info'[39m]: User created successfully
2024-08-02T20:25:13.118Z [[32minfo[39m]: Connection to MongoDB successful!
2024-08-02T20:25:13.518Z [[32minfo[39m]: POST /api/deliveries
2024-08-02T20:25:13.858Z [[32minfo[39m]: Created new delivery with ID: 8fa85de2-9a57-4d21-b33b-c224a50c5980
2024-08-02T20:25:13.954Z [[32minfo[39m]: GET /api/deliveries
2024-08-02T20:25:13.961Z [[32minfo[39m]: Fetched all deliveries
2024-08-02T20:25:13.996Z [[32minfo[39m]: GET /api/deliveries/1
2024-08-02T20:25:14.021Z [[32minfo[39m]: Fetched delivery with ID 1
2024-08-02T20:25:14.047Z [[32minfo[39m]: PUT /api/deliveries/1
2024-08-02T20:25:14.054Z [[32minfo[39m]: Updated delivery with ID 1
2024-08-02T20:25:14.106Z [[32minfo[39m]: DELETE /api/deliveries/1
2024-08-02T20:25:14.147Z [[32minfo[39m]: Deleted delivery with ID 1
2024-08-02T20:25:41.113Z [[32minfo[39m]: Connection to MongoDB successful!
2024-08-02T20:29:24.668Z [[32minfo[39m]: Connection to MongoDB successful!
2024-08-02T20:34:27.477Z [[32minfo[39m]: Connection to MongoDB successful!
2024-08-02T20:35:24.441Z [[32minfo[39m]: Connection to MongoDB successful!
2024-08-02T20:35:24.691Z [[32minfo[39m]: POST /api/packages
2024-08-02T20:35:24.700Z [[32minfo[39m]: Package created with ID: 9816ae96-f5a1-4437-8fb7-5910ca2a8343
2024-08-02T20:35:24.735Z [[32minfo[39m]: GET /api/packages
2024-08-02T20:35:24.744Z [[31merror[39m]: 500 - Package.find(...).sort is not a function
2024-08-02T20:35:24.768Z [[32minfo[39m]: GET /api/packages/1
2024-08-02T20:35:24.773Z [[31merror[39m]: 500 - Package.findById(...).populate is not a function
2024-08-02T20:35:24.793Z [[32minfo[39m]: PUT /api/packages/1
2024-08-02T20:35:24.816Z [[33mwarn[39m]: Package with ID 1 not found
2024-08-02T20:35:24.831Z [[32minfo[39m]: DELETE /api/packages/1
2024-08-02T20:35:24.839Z [[33mwarn[39m]: Package with ID 1 not found
2024-08-02T20:38:49.183Z [[32minfo[39m]: Connection to MongoDB successful!
2024-08-02T20:40:48.260Z [[32minfo[39m]: Connection to MongoDB successful!
2024-08-02T20:49:06.601Z [[32minfo[39m]: Connection to MongoDB successful!
2024-08-02T20:50:01.886Z [[32minfo[39m]: Connection to MongoDB successful!
2024-08-02T20:50:45.419Z [[32minfo[39m]: Connection to MongoDB successful!
2024-08-02T20:50:45.718Z [[32minfo[39m]: POST /api/packages
2024-08-02T20:50:45.727Z [[32minfo[39m]: Package created with ID: 42d87fbc-b37c-4641-8a89-e605a68ca343
2024-08-02T20:50:45.773Z [[32minfo[39m]: GET /api/packages
2024-08-02T20:50:45.781Z [[31merror[39m]: 500 - Package.find(...).sort is not a function
2024-08-02T20:50:45.806Z [[32minfo[39m]: GET /api/packages/1
2024-08-02T20:50:45.811Z [[31merror[39m]: 500 - Package.findById(...).populate is not a function
2024-08-02T20:50:45.834Z [[32minfo[39m]: PUT /api/packages/1
2024-08-02T20:50:45.864Z [[33mwarn[39m]: Package with ID 1 not found
2024-08-02T20:50:45.885Z [[32minfo[39m]: DELETE /api/packages/1
2024-08-02T20:50:45.896Z [[33mwarn[39m]: Package with ID 1 not found
2024-08-03T02:37:58.076Z [[32minfo[39m]: Connection to MongoDB successful!
2024-08-03T02:41:55.254Z [[32minfo[39m]: OPTIONS /api/auth/signup
2024-08-03T02:41:55.316Z [[32minfo[39m]: POST /api/auth/signup
2024-08-03T02:41:55.425Z [[32minfo[39m]: User created successfully
2024-08-03T02:42:14.728Z [[32minfo[39m]: OPTIONS /api/auth/login
2024-08-03T02:42:14.744Z [[32minfo[39m]: POST /api/auth/login
2024-08-03T02:42:14.835Z [[32minfo[39m]: User znimed@gmail.com logged in successfully
2024-08-03T02:42:44.091Z [[32minfo[39m]: OPTIONS /api/packages?page=0
2024-08-03T02:42:44.094Z [[32minfo[39m]: OPTIONS /api/deliveries?page=0
2024-08-03T02:42:44.097Z [[32minfo[39m]: GET /api/packages?page=0
2024-08-03T02:42:44.102Z [[32minfo[39m]: GET /api/deliveries?page=0
2024-08-03T02:42:44.109Z [[32minfo[39m]: Fetched all deliveries
2024-08-03T02:42:44.116Z [[32minfo[39m]: Fetched packages
2024-08-03T02:43:25.283Z [[32minfo[39m]: OPTIONS /api/packages
2024-08-03T02:43:25.287Z [[32minfo[39m]: POST /api/packages
2024-08-03T02:43:25.323Z [[32minfo[39m]: Package created with ID: 7c648184-85ea-414d-83b2-3d010b716e89
2024-08-03T02:43:27.769Z [[32minfo[39m]: OPTIONS /api/packages?page=0
2024-08-03T02:43:27.776Z [[32minfo[39m]: OPTIONS /api/deliveries?page=0
2024-08-03T02:43:27.781Z [[32minfo[39m]: GET /api/packages?page=0
2024-08-03T02:43:27.784Z [[32minfo[39m]: GET /api/deliveries?page=0
2024-08-03T02:43:27.790Z [[32minfo[39m]: Fetched all deliveries
2024-08-03T02:43:27.793Z [[32minfo[39m]: Fetched packages
2024-08-03T02:43:35.708Z [[32minfo[39m]: OPTIONS /api/packages?page=0
2024-08-03T02:43:35.721Z [[32minfo[39m]: GET /api/packages?page=0
2024-08-03T02:43:35.728Z [[32minfo[39m]: Fetched packages
2024-08-03T02:43:42.727Z [[32minfo[39m]: OPTIONS /api/deliveries
2024-08-03T02:43:42.731Z [[32minfo[39m]: POST /api/deliveries
2024-08-03T02:43:42.770Z [[32minfo[39m]: Created new delivery with ID: b161b69e-e1ee-4323-8ebc-61b01546b3bf
2024-08-03T02:43:42.778Z [[32minfo[39m]: OPTIONS /api/packages/7c648184-85ea-414d-83b2-3d010b716e89
2024-08-03T02:43:42.784Z [[32minfo[39m]: PUT /api/packages/7c648184-85ea-414d-83b2-3d010b716e89
2024-08-03T02:43:42.796Z [[32minfo[39m]: Updated package with ID 7c648184-85ea-414d-83b2-3d010b716e89
2024-08-03T02:47:31.297Z [[32minfo[39m]: OPTIONS /api/packages?page=0
2024-08-03T02:47:31.301Z [[32minfo[39m]: OPTIONS /api/deliveries?page=0
2024-08-03T02:47:31.305Z [[32minfo[39m]: GET /api/packages?page=0
2024-08-03T02:47:31.308Z [[32minfo[39m]: GET /api/deliveries?page=0
2024-08-03T02:47:31.315Z [[32minfo[39m]: Fetched all deliveries
2024-08-03T02:47:31.318Z [[32minfo[39m]: Fetched packages
2024-08-03T02:50:45.514Z [[32minfo[39m]: OPTIONS /api/packages?page=0
2024-08-03T02:50:45.522Z [[32minfo[39m]: OPTIONS /api/deliveries?page=0
2024-08-03T02:50:45.532Z [[32minfo[39m]: GET /api/packages?page=0
2024-08-03T02:50:45.534Z [[32minfo[39m]: GET /api/deliveries?page=0
2024-08-03T02:50:45.538Z [[32minfo[39m]: Fetched all deliveries
2024-08-03T02:50:45.541Z [[32minfo[39m]: Fetched packages
2024-08-03T02:51:19.347Z [[32minfo[39m]: OPTIONS /api/auth/login
2024-08-03T02:51:19.352Z [[32minfo[39m]: POST /api/auth/login
2024-08-03T02:51:19.430Z [[32minfo[39m]: User znimed@gmail.com logged in successfully
2024-08-03T02:58:55.268Z [[32minfo[39m]: OPTIONS /api/auth/login
2024-08-03T02:58:55.274Z [[32minfo[39m]: POST /api/auth/login
2024-08-03T02:58:55.351Z [[32minfo[39m]: User znimed@gmail.com logged in successfully
2024-08-03T20:43:27.175Z [[32minfo[39m]: Connection to MongoDB successful!
2024-08-03T20:43:27.222Z [[32minfo[39m]: Connection to MongoDB successful!
2024-08-03T20:43:27.355Z [[32minfo[39m]: POST /api/packages
2024-08-03T20:43:27.364Z [[32minfo[39m]: Package created with ID: 9f31d029-e05c-4c57-8746-a94bda04fb55
2024-08-03T20:43:27.390Z [[32minfo[39m]: GET /api/packages
2024-08-03T20:43:27.398Z [[31merror[39m]: 500 - Package.find(...).sort is not a function
2024-08-03T20:43:27.416Z [[32minfo[39m]: GET /api/packages/1
2024-08-03T20:43:27.421Z [[31merror[39m]: 500 - Package.findById(...).populate is not a function
2024-08-03T20:43:27.437Z [[32minfo[39m]: PUT /api/packages/1
2024-08-03T20:43:27.460Z [[33mwarn[39m]: Package with ID 1 not found
2024-08-03T20:43:27.474Z [[32minfo[39m]: DELETE /api/packages/1
2024-08-03T20:43:27.481Z [[33mwarn[39m]: Package with ID 1 not found
2024-08-03T20:43:27.804Z [[32m'info'[39m]: Connection to MongoDB successful!
2024-08-03T20:43:27.895Z [[32m'info'[39m]: POST /api/auth/signup
2024-08-03T20:43:28.008Z [[32m'info'[39m]: User created successfully
2024-08-03T20:44:32.660Z [[32minfo[39m]: Connection to MongoDB successful!
2024-08-03T20:44:42.989Z [[32minfo[39m]: Connection to MongoDB successful!
2024-08-03T20:44:56.422Z [[32minfo[39m]: Connection to MongoDB successful!
2024-08-03T20:44:56.558Z [[32minfo[39m]: POST /api/deliveries
2024-08-03T20:44:56.571Z [[32minfo[39m]: Created new delivery with ID: a2688922-99fb-443d-9f27-e66dab3f516d
2024-08-03T20:44:56.601Z [[32minfo[39m]: GET /api/deliveries
2024-08-03T20:44:56.604Z [[32minfo[39m]: Fetched all deliveries
2024-08-03T20:44:56.613Z [[32minfo[39m]: GET /api/deliveries/1
2024-08-03T20:44:56.616Z [[32minfo[39m]: Fetched delivery with ID 1
2024-08-03T20:44:56.628Z [[32minfo[39m]: PUT /api/deliveries/1
2024-08-03T20:44:56.631Z [[32minfo[39m]: Updated delivery with ID 1
2024-08-03T20:44:56.641Z [[32minfo[39m]: DELETE /api/deliveries/1
2024-08-03T20:44:56.643Z [[32minfo[39m]: Deleted delivery with ID 1
2024-08-03T20:44:56.670Z [[32minfo[39m]: Connection to MongoDB successful!
2024-08-03T20:44:56.776Z [[32m'info'[39m]: Connection to MongoDB successful!
2024-08-03T20:44:56.862Z [[32m'info'[39m]: POST /api/auth/signup
2024-08-03T20:44:56.974Z [[32m'info'[39m]: User created successfully
2024-08-03T20:58:15.556Z [[32minfo[39m]: OPTIONS /api/auth/login
2024-08-03T20:58:15.579Z [[32minfo[39m]: POST /api/auth/login
2024-08-03T20:58:15.590Z [[33mwarn[39m]: User with email znimed@gmail.com not found
2024-08-03T20:58:36.353Z [[32minfo[39m]: OPTIONS /api/auth/signup
2024-08-03T20:58:36.358Z [[32minfo[39m]: POST /api/auth/signup
2024-08-03T20:58:36.452Z [[32minfo[39m]: User created successfully
2024-08-03T20:58:41.911Z [[32minfo[39m]: OPTIONS /api/auth/login
2024-08-03T20:58:41.916Z [[32minfo[39m]: POST /api/auth/login
2024-08-03T20:58:42.004Z [[32minfo[39m]: User znimed@gmail.com logged in successfully
2024-08-03T21:06:29.394Z [[32minfo[39m]: OPTIONS /api/auth/login
2024-08-03T21:06:29.443Z [[32minfo[39m]: POST /api/auth/login
2024-08-03T21:06:29.564Z [[32minfo[39m]: User znimed@gmail.com logged in successfully
2024-08-03T21:07:18.033Z [[32minfo[39m]: OPTIONS /api/packages?page=0
2024-08-03T21:07:18.038Z [[32minfo[39m]: OPTIONS /api/deliveries?page=0
2024-08-03T21:07:18.041Z [[32minfo[39m]: GET /api/packages?page=0
2024-08-03T21:07:18.046Z [[32minfo[39m]: GET /api/deliveries?page=0
2024-08-03T21:07:18.054Z [[32minfo[39m]: Fetched all deliveries
2024-08-03T21:07:18.057Z [[32minfo[39m]: Fetched packages
2024-08-03T21:07:25.612Z [[32minfo[39m]: OPTIONS /api/packages
2024-08-03T21:07:25.616Z [[32minfo[39m]: POST /api/packages
2024-08-03T21:07:25.662Z [[32minfo[39m]: Package created with ID: 8dfbbc72-ce97-43c9-925b-1503ab3b29da
2024-08-03T21:07:28.423Z [[32minfo[39m]: OPTIONS /api/packages?page=0
2024-08-03T21:07:28.430Z [[32minfo[39m]: OPTIONS /api/deliveries?page=0
2024-08-03T21:07:28.453Z [[32minfo[39m]: GET /api/packages?page=0
2024-08-03T21:07:28.457Z [[32minfo[39m]: GET /api/deliveries?page=0
2024-08-03T21:07:28.469Z [[32minfo[39m]: Fetched all deliveries
2024-08-03T21:07:28.473Z [[32minfo[39m]: Fetched packages
2024-08-03T21:07:31.468Z [[32minfo[39m]: GET /api/packages?page=0
2024-08-03T21:07:31.475Z [[32minfo[39m]: Fetched packages
2024-08-03T21:07:37.154Z [[32minfo[39m]: OPTIONS /api/deliveries
2024-08-03T21:07:37.174Z [[32minfo[39m]: POST /api/deliveries
2024-08-03T21:07:37.201Z [[32minfo[39m]: Created new delivery with ID: 10b3faac-dcc6-4727-bd00-57d6eae65bd9
2024-08-03T21:07:37.214Z [[32minfo[39m]: OPTIONS /api/packages/8dfbbc72-ce97-43c9-925b-1503ab3b29da
2024-08-03T21:07:37.220Z [[32minfo[39m]: PUT /api/packages/8dfbbc72-ce97-43c9-925b-1503ab3b29da
2024-08-03T21:07:37.232Z [[32minfo[39m]: Updated package with ID 8dfbbc72-ce97-43c9-925b-1503ab3b29da
2024-08-03T21:16:10.213Z [[32minfo[39m]: OPTIONS /api/packages?page=0
2024-08-03T21:16:10.219Z [[32minfo[39m]: OPTIONS /api/deliveries?page=0
2024-08-03T21:16:10.223Z [[32minfo[39m]: GET /api/packages?page=0
2024-08-03T21:16:10.227Z [[32minfo[39m]: GET /api/deliveries?page=0
2024-08-03T21:16:10.236Z [[32minfo[39m]: Fetched all deliveries
2024-08-03T21:16:10.240Z [[32minfo[39m]: Fetched packages
2024-08-03T21:16:13.895Z [[32minfo[39m]: GET /api/packages?page=0
2024-08-03T21:16:13.901Z [[32minfo[39m]: GET /api/deliveries?page=0
2024-08-03T21:16:13.909Z [[32minfo[39m]: Fetched all deliveries
2024-08-03T21:16:13.913Z [[32minfo[39m]: Fetched packages
2024-08-03T21:16:15.691Z [[32minfo[39m]: OPTIONS /api/packages?page=0
2024-08-03T21:16:15.698Z [[32minfo[39m]: GET /api/packages?page=0
2024-08-03T21:16:15.704Z [[32minfo[39m]: Fetched packages
2024-08-03T21:16:20.324Z [[32minfo[39m]: OPTIONS /api/deliveries
2024-08-03T21:16:20.371Z [[32minfo[39m]: POST /api/deliveries
2024-08-03T21:16:20.381Z [[32minfo[39m]: Created new delivery with ID: bfe36a3a-ddd2-46a9-a6eb-24883b0008f7
2024-08-03T21:16:20.399Z [[32minfo[39m]: OPTIONS /api/packages/8dfbbc72-ce97-43c9-925b-1503ab3b29da
2024-08-03T21:16:20.409Z [[32minfo[39m]: PUT /api/packages/8dfbbc72-ce97-43c9-925b-1503ab3b29da
2024-08-03T21:16:20.419Z [[32minfo[39m]: Updated package with ID 8dfbbc72-ce97-43c9-925b-1503ab3b29da
2024-08-03T21:16:27.383Z [[32minfo[39m]: OPTIONS /api/packages?page=0
2024-08-03T21:16:27.392Z [[32minfo[39m]: OPTIONS /api/deliveries?page=0
2024-08-03T21:16:27.395Z [[32minfo[39m]: GET /api/packages?page=0
2024-08-03T21:16:27.399Z [[32minfo[39m]: GET /api/deliveries?page=0
2024-08-03T21:16:27.403Z [[32minfo[39m]: Fetched all deliveries
2024-08-03T21:16:27.406Z [[32minfo[39m]: Fetched packages
2024-08-03T21:16:31.591Z [[32minfo[39m]: GET /api/packages?page=0
2024-08-03T21:16:31.595Z [[32minfo[39m]: GET /api/deliveries?page=0
2024-08-03T21:16:31.598Z [[32minfo[39m]: Fetched all deliveries
2024-08-03T21:16:31.600Z [[32minfo[39m]: Fetched packages
2024-08-04T07:38:36.456Z [[32minfo[39m]: Connection to MongoDB successful!
2024-08-04T07:38:44.145Z [[32minfo[39m]: Connection to MongoDB successful!
2024-08-04T07:38:59.572Z [[32minfo[39m]: OPTIONS /api/packages?page=0
2024-08-04T07:38:59.604Z [[32minfo[39m]: GET /api/packages?page=0
2024-08-04T07:38:59.663Z [[32minfo[39m]: OPTIONS /api/deliveries?page=0
2024-08-04T07:38:59.732Z [[32minfo[39m]: GET /api/deliveries?page=0
2024-08-04T07:38:59.777Z [[32minfo[39m]: Fetched packages
2024-08-04T07:38:59.798Z [[32minfo[39m]: Fetched all deliveries
2024-08-04T07:48:32.527Z [[32minfo[39m]: Connection to MongoDB successful!
2024-08-04T07:48:34.686Z [[32minfo[39m]: OPTIONS /api/packages?page=0
2024-08-04T07:48:34.709Z [[32minfo[39m]: OPTIONS /api/deliveries?page=0
2024-08-04T07:48:34.725Z [[32minfo[39m]: GET /api/packages?page=0
2024-08-04T07:48:34.746Z [[32minfo[39m]: GET /api/deliveries?page=0
2024-08-04T07:48:34.781Z [[32minfo[39m]: Fetched packages
2024-08-04T07:48:34.793Z [[32minfo[39m]: Fetched deliveries
2024-08-04T07:48:55.365Z [[32minfo[39m]: OPTIONS /api/packages/8dfbbc72-ce97-43c9-925b-1503ab3b29da
2024-08-04T07:48:55.421Z [[32minfo[39m]: GET /api/packages/8dfbbc72-ce97-43c9-925b-1503ab3b29da
2024-08-04T07:48:55.460Z [[32minfo[39m]: Fetched package with ID 8dfbbc72-ce97-43c9-925b-1503ab3b29da
2024-08-04T07:49:21.287Z [[32minfo[39m]: OPTIONS /api/packages?page=0
2024-08-04T07:49:21.298Z [[32minfo[39m]: OPTIONS /api/deliveries?page=0
2024-08-04T07:49:21.310Z [[32minfo[39m]: GET /api/packages?page=0
2024-08-04T07:49:21.320Z [[32minfo[39m]: GET /api/deliveries?page=0
2024-08-04T07:49:21.351Z [[32minfo[39m]: Fetched packages
2024-08-04T07:49:21.359Z [[32minfo[39m]: Fetched deliveries
2024-08-05T10:28:18.727Z [[32minfo[39m]: Connection to MongoDB successful!
2024-08-05T10:30:02.465Z [[32minfo[39m]: Connection to MongoDB successful!
2024-08-05T11:12:02.318Z [[32minfo[39m]: Connection to MongoDB successful!
2024-08-05T11:12:18.815Z [[32minfo[39m]: Connection to MongoDB successful!
2024-08-05T17:43:35.156Z [[32minfo[39m]: Connection to MongoDB successful!
2024-08-05T17:43:47.916Z [[32minfo[39m]: OPTIONS /api/auth/login
2024-08-05T17:43:47.945Z [[32minfo[39m]: POST /api/auth/login
2024-08-05T17:43:48.098Z [[32minfo[39m]: User znimed@gmail.com logged in successfully
2024-08-06T13:46:50.879Z [[32minfo[39m]: Connection to MongoDB successful!
2024-08-06T13:54:26.327Z [[32minfo[39m]: OPTIONS /api/auth/login
2024-08-06T13:54:26.363Z [[32minfo[39m]: POST /api/auth/login
2024-08-06T13:54:26.535Z [[32minfo[39m]: User znimed@gmail.com logged in successfully
2024-08-06T13:58:22.671Z [[32minfo[39m]: OPTIONS /api/auth/login
2024-08-06T13:58:22.676Z [[32minfo[39m]: POST /api/auth/login
2024-08-06T13:58:22.746Z [[32minfo[39m]: User znimed@gmail.com logged in successfully
2024-08-06T14:12:41.766Z [[32minfo[39m]: OPTIONS /api/deliveries/36711adc-a6b2-4f3e-9a03-a26e8a2ada27
2024-08-06T14:12:41.794Z [[32minfo[39m]: OPTIONS /api/deliveries/36711adc-a6b2-4f3e-9a03-a26e8a2ada27
2024-08-06T14:12:59.654Z [[32minfo[39m]: OPTIONS /api/deliveries/36711adc-a6b2-4f3e-9a03-a26e8a2ada27
2024-08-06T14:13:15.724Z [[32minfo[39m]: OPTIONS /api/deliveries/36711adc-a6b2-4f3e-9a03-a26e8a2ada27
2024-08-06T14:13:32.987Z [[32minfo[39m]: OPTIONS /api/packages?page=0
2024-08-06T14:13:32.991Z [[32minfo[39m]: OPTIONS /api/deliveries?page=0
2024-08-06T14:17:34.115Z [[32minfo[39m]: Connection to MongoDB successful!
2024-08-06T14:49:08.385Z [[32minfo[39m]: OPTIONS /api/deliveries/
2024-08-06T14:49:11.183Z [[32minfo[39m]: OPTIONS /api/deliveries/36711adc-a6b2-4f3e-9a03-a26e8a2ada27
2024-08-06T14:49:11.234Z [[32minfo[39m]: OPTIONS /api/deliveries/36711adc-a6b2-4f3e-9a03-a26e8a2ada27
2024-08-06T14:50:04.974Z [[32minfo[39m]: OPTIONS /api/delivery/
2024-08-06T14:50:04.982Z [[32minfo[39m]: GET /api/delivery/
2024-08-06T14:50:05.104Z [[32minfo[39m]: Fetched deliveries
2024-08-06T14:50:12.405Z [[32minfo[39m]: OPTIONS /api/delivery/36711adc-a6b2-4f3e-9a03-a26e8a2ada27
2024-08-06T14:50:12.409Z [[32minfo[39m]: GET /api/delivery/36711adc-a6b2-4f3e-9a03-a26e8a2ada27
2024-08-06T14:50:12.418Z [[33mwarn[39m]: Delivery with ID 36711adc-a6b2-4f3e-9a03-a26e8a2ada27 not found
2024-08-06T14:50:12.429Z [[32minfo[39m]: GET /api/delivery/36711adc-a6b2-4f3e-9a03-a26e8a2ada27
2024-08-06T14:50:12.433Z [[33mwarn[39m]: Delivery with ID 36711adc-a6b2-4f3e-9a03-a26e8a2ada27 not found
2024-08-06T16:00:42.741Z [[32minfo[39m]: OPTIONS /api/delivery/36711adc-a6b2-4f3e-9a03-a26e8a2ada27
2024-08-06T16:00:42.759Z [[32minfo[39m]: GET /api/delivery/36711adc-a6b2-4f3e-9a03-a26e8a2ada27
2024-08-06T16:00:42.794Z [[33mwarn[39m]: Delivery with ID 36711adc-a6b2-4f3e-9a03-a26e8a2ada27 not found
2024-08-06T17:45:12.020Z [[32minfo[39m]: Connection to MongoDB successful!
2024-08-06T17:45:26.433Z [[32minfo[39m]: Connection to MongoDB successful!
2024-08-06T17:45:35.672Z [[32minfo[39m]: Connection to MongoDB successful!
2024-08-06T17:45:37.869Z [[32minfo[39m]: Connection to MongoDB successful!
2024-08-06T17:45:46.608Z [[32minfo[39m]: Connection to MongoDB successful!
2024-08-06T17:50:23.854Z [[32minfo[39m]: OPTIONS /api/package?page=0
2024-08-06T17:50:23.862Z [[32minfo[39m]: OPTIONS /api/delivery?page=0
2024-08-06T17:50:23.868Z [[32minfo[39m]: GET /api/delivery?page=0
2024-08-06T17:50:23.886Z [[32minfo[39m]: GET /api/package?page=0
2024-08-06T17:50:23.924Z [[32minfo[39m]: Fetched deliveries
2024-08-06T17:50:23.954Z [[32minfo[39m]: Fetched packages
2024-08-06T17:50:37.969Z [[32minfo[39m]: OPTIONS /api/auth/login
2024-08-06T17:50:37.990Z [[32minfo[39m]: POST /api/auth/login
2024-08-06T17:50:38.072Z [[32minfo[39m]: User znimed@gmail.com logged in successfully
2024-08-06T18:11:06.755Z [[32minfo[39m]: OPTIONS /api/auth/login
2024-08-06T18:11:06.759Z [[32minfo[39m]: POST /api/auth/login
2024-08-06T18:11:06.854Z [[32minfo[39m]: User znimed@gmail.com logged in successfully
2024-08-06T18:15:24.898Z [[32minfo[39m]: OPTIONS /api/package?page=0
2024-08-06T18:15:24.902Z [[32minfo[39m]: OPTIONS /api/delivery?page=0
2024-08-06T18:15:24.903Z [[32minfo[39m]: GET /api/package?page=0
2024-08-06T18:15:24.909Z [[32minfo[39m]: GET /api/delivery?page=0
2024-08-06T18:15:24.924Z [[32minfo[39m]: Fetched packages
2024-08-06T18:15:24.929Z [[32minfo[39m]: Fetched deliveries
2024-08-06T18:18:55.460Z [[32minfo[39m]: OPTIONS /api/auth/login
2024-08-06T18:18:55.464Z [[32minfo[39m]: POST /api/auth/login
2024-08-06T18:18:55.549Z [[32minfo[39m]: User znimed@gmail.com logged in successfully
2024-08-06T18:18:59.566Z [[32minfo[39m]: OPTIONS /api/package?page=0
2024-08-06T18:18:59.569Z [[32minfo[39m]: GET /api/package?page=0
2024-08-06T18:18:59.573Z [[32minfo[39m]: OPTIONS /api/delivery?page=0
2024-08-06T18:18:59.579Z [[32minfo[39m]: GET /api/delivery?page=0
2024-08-06T18:18:59.591Z [[32minfo[39m]: Fetched packages
2024-08-06T18:18:59.598Z [[32minfo[39m]: Fetched deliveries
2024-08-06T19:29:38.727Z [[32minfo[39m]: OPTIONS /api/package
2024-08-06T19:29:38.756Z [[32minfo[39m]: POST /api/package
2024-08-06T19:29:38.914Z [[32minfo[39m]: Package created with ID: 8f17fb8a-a6d8-463b-800a-396a93057e34
2024-08-06T19:29:42.718Z [[32minfo[39m]: OPTIONS /api/package?page=0
2024-08-06T19:29:42.723Z [[32minfo[39m]: GET /api/package?page=0
2024-08-06T19:29:42.736Z [[32minfo[39m]: OPTIONS /api/delivery?page=0
2024-08-06T19:29:42.749Z [[32minfo[39m]: GET /api/delivery?page=0
2024-08-06T19:29:42.763Z [[32minfo[39m]: Fetched packages
2024-08-06T19:29:42.805Z [[32minfo[39m]: Fetched deliveries
2024-08-06T19:30:14.327Z [[32minfo[39m]: OPTIONS /api/package
2024-08-06T19:30:14.341Z [[32minfo[39m]: POST /api/package
2024-08-06T19:30:14.355Z [[32minfo[39m]: Package created with ID: 70c97115-de59-4d6f-85c2-d243a597dd67
2024-08-06T19:30:18.107Z [[32minfo[39m]: OPTIONS /api/package?page=0
2024-08-06T19:30:18.116Z [[32minfo[39m]: OPTIONS /api/delivery?page=0
2024-08-06T19:30:18.120Z [[32minfo[39m]: GET /api/package?page=0
2024-08-06T19:30:18.126Z [[32minfo[39m]: GET /api/delivery?page=0
2024-08-06T19:30:18.146Z [[32minfo[39m]: Fetched packages
2024-08-06T19:30:18.156Z [[32minfo[39m]: Fetched deliveries
2024-08-06T19:30:30.842Z [[32minfo[39m]: OPTIONS /api/package?page=0
2024-08-06T19:30:30.849Z [[32minfo[39m]: GET /api/package?page=0
2024-08-06T19:30:30.861Z [[32minfo[39m]: Fetched packages
2024-08-06T19:30:40.518Z [[32minfo[39m]: OPTIONS /api/delivery
2024-08-06T19:30:40.524Z [[32minfo[39m]: POST /api/delivery
2024-08-06T19:30:40.543Z [[32minfo[39m]: Created new delivery with ID: 481d88fc-56ce-4e97-a0ca-fcf8309bc556
2024-08-06T19:30:40.595Z [[32minfo[39m]: OPTIONS /api/package/70c97115-de59-4d6f-85c2-d243a597dd67
2024-08-06T19:30:40.610Z [[32minfo[39m]: PUT /api/package/70c97115-de59-4d6f-85c2-d243a597dd67
2024-08-06T19:30:40.673Z [[32minfo[39m]: Updated package with ID 70c97115-de59-4d6f-85c2-d243a597dd67
2024-08-07T10:52:01.827Z [[32minfo[39m]: OPTIONS /api/package?page=0
2024-08-07T10:52:01.905Z [[32minfo[39m]: GET /api/package?page=0
2024-08-07T10:52:01.985Z [[32minfo[39m]: Fetched packages
2024-08-07T10:52:13.449Z [[32minfo[39m]: OPTIONS /api/package?page=0
2024-08-07T10:52:13.452Z [[32minfo[39m]: GET /api/package?page=0
2024-08-07T10:52:13.460Z [[32minfo[39m]: Fetched packages
2024-08-07T10:54:08.638Z [[32minfo[39m]: OPTIONS /api/package?page=0
2024-08-07T10:54:08.642Z [[32minfo[39m]: GET /api/package?page=0
2024-08-07T10:54:08.656Z [[32minfo[39m]: Fetched packages
2024-08-07T10:54:42.824Z [[32minfo[39m]: OPTIONS /api/delivery
2024-08-07T10:54:42.835Z [[32minfo[39m]: POST /api/delivery
2024-08-07T10:54:42.855Z [[32minfo[39m]: Created new delivery with ID: 7bc2342b-ba09-462e-b27f-f5fe87d825c3
2024-08-07T10:54:42.863Z [[32minfo[39m]: OPTIONS /api/package/70c97115-de59-4d6f-85c2-d243a597dd67
2024-08-07T10:54:42.867Z [[32minfo[39m]: PUT /api/package/70c97115-de59-4d6f-85c2-d243a597dd67
2024-08-07T10:54:42.875Z [[32minfo[39m]: Updated package with ID 70c97115-de59-4d6f-85c2-d243a597dd67
2024-08-07T10:56:19.237Z [[32minfo[39m]: OPTIONS /api/package?page=0
2024-08-07T10:56:19.241Z [[32minfo[39m]: GET /api/package?page=0
2024-08-07T10:56:19.245Z [[32minfo[39m]: Fetched packages
2024-08-07T10:56:24.046Z [[32minfo[39m]: GET /api/package?page=0
2024-08-07T10:56:24.072Z [[32minfo[39m]: Fetched packages
2024-08-07T11:12:56.029Z [[32minfo[39m]: OPTIONS /api/delivery
2024-08-07T11:12:56.033Z [[32minfo[39m]: POST /api/delivery
2024-08-07T11:12:56.039Z [[32minfo[39m]: Created new delivery with ID: b994cace-dfe5-4a11-a499-fc9f5119b50c
2024-08-07T11:12:56.048Z [[32minfo[39m]: OPTIONS /api/package/8dfbbc72-ce97-43c9-925b-1503ab3b29da
2024-08-07T11:12:56.058Z [[32minfo[39m]: PUT /api/package/8dfbbc72-ce97-43c9-925b-1503ab3b29da
2024-08-07T11:12:56.068Z [[32minfo[39m]: Updated package with ID 8dfbbc72-ce97-43c9-925b-1503ab3b29da
2024-08-07T11:12:58.816Z [[32minfo[39m]: OPTIONS /api/package?page=0
2024-08-07T11:12:58.818Z [[32minfo[39m]: OPTIONS /api/delivery?page=0
2024-08-07T11:12:58.819Z [[32minfo[39m]: GET /api/package?page=0
2024-08-07T11:12:58.822Z [[32minfo[39m]: GET /api/delivery?page=0
2024-08-07T11:12:58.836Z [[32minfo[39m]: Fetched packages
2024-08-07T11:12:58.840Z [[32minfo[39m]: Fetched deliveries
2024-08-07T11:13:10.541Z [[32minfo[39m]: OPTIONS /api/delivery/bfe36a3a-ddd2-46a9-a6eb-24883b0008f7
2024-08-07T11:13:10.546Z [[32minfo[39m]: GET /api/delivery/bfe36a3a-ddd2-46a9-a6eb-24883b0008f7
2024-08-07T11:13:10.559Z [[32minfo[39m]: Fetched delivery with ID bfe36a3a-ddd2-46a9-a6eb-24883b0008f7
2024-08-07T11:13:11.612Z [[32minfo[39m]: GET /api/delivery/bfe36a3a-ddd2-46a9-a6eb-24883b0008f7
2024-08-07T11:13:11.615Z [[32minfo[39m]: Fetched delivery with ID bfe36a3a-ddd2-46a9-a6eb-24883b0008f7
2024-08-07T11:13:13.337Z [[32minfo[39m]: GET /api/delivery/bfe36a3a-ddd2-46a9-a6eb-24883b0008f7
2024-08-07T11:13:13.342Z [[32minfo[39m]: Fetched delivery with ID bfe36a3a-ddd2-46a9-a6eb-24883b0008f7
2024-08-07T11:13:14.101Z [[32minfo[39m]: GET /api/delivery/bfe36a3a-ddd2-46a9-a6eb-24883b0008f7
2024-08-07T11:13:14.102Z [[32minfo[39m]: Fetched delivery with ID bfe36a3a-ddd2-46a9-a6eb-24883b0008f7
2024-08-07T11:13:20.696Z [[32minfo[39m]: OPTIONS /api/package/bfe36a3a-ddd2-46a9-a6eb-24883b0008f7
2024-08-07T11:13:20.700Z [[32minfo[39m]: GET /api/package/bfe36a3a-ddd2-46a9-a6eb-24883b0008f7
2024-08-07T11:13:20.722Z [[33mwarn[39m]: Package with ID bfe36a3a-ddd2-46a9-a6eb-24883b0008f7 not found
2024-08-07T11:13:22.252Z [[32minfo[39m]: GET /api/package/bfe36a3a-ddd2-46a9-a6eb-24883b0008f7
2024-08-07T11:13:22.256Z [[33mwarn[39m]: Package with ID bfe36a3a-ddd2-46a9-a6eb-24883b0008f7 not found
2024-08-07T11:25:35.592Z [[32minfo[39m]: OPTIONS /api/package?page=0
2024-08-07T11:25:35.595Z [[32minfo[39m]: OPTIONS /api/delivery?page=0
2024-08-07T11:25:35.597Z [[32minfo[39m]: GET /api/package?page=0
2024-08-07T11:25:35.601Z [[32minfo[39m]: GET /api/delivery?page=0
2024-08-07T11:25:35.606Z [[32minfo[39m]: Fetched packages
2024-08-07T11:25:35.614Z [[32minfo[39m]: Fetched deliveries
2024-08-07T11:25:43.899Z [[32minfo[39m]: OPTIONS /api/delivery/bfe36a3a-ddd2-46a9-a6eb-24883b0008f7
2024-08-07T11:25:43.903Z [[32minfo[39m]: GET /api/delivery/bfe36a3a-ddd2-46a9-a6eb-24883b0008f7
2024-08-07T11:25:43.907Z [[32minfo[39m]: Fetched delivery with ID bfe36a3a-ddd2-46a9-a6eb-24883b0008f7
2024-08-07T11:25:44.681Z [[32minfo[39m]: GET /api/delivery/bfe36a3a-ddd2-46a9-a6eb-24883b0008f7
2024-08-07T11:25:44.689Z [[32minfo[39m]: Fetched delivery with ID bfe36a3a-ddd2-46a9-a6eb-24883b0008f7
2024-08-07T11:26:06.532Z [[32minfo[39m]: OPTIONS /api/delivery/bfe36a3a-ddd2-46a9-a6eb-24883b0008f7
2024-08-07T11:26:06.536Z [[32minfo[39m]: GET /api/delivery/bfe36a3a-ddd2-46a9-a6eb-24883b0008f7
2024-08-07T11:26:06.539Z [[32minfo[39m]: Fetched delivery with ID bfe36a3a-ddd2-46a9-a6eb-24883b0008f7
2024-08-07T11:26:09.343Z [[32minfo[39m]: OPTIONS /api/delivery/
2024-08-07T11:26:09.347Z [[32minfo[39m]: GET /api/delivery/
2024-08-07T11:26:09.355Z [[32minfo[39m]: Fetched deliveries
2024-08-07T11:26:10.939Z [[32minfo[39m]: OPTIONS /api/package?page=0
2024-08-07T11:26:10.942Z [[32minfo[39m]: GET /api/package?page=0
2024-08-07T11:26:10.948Z [[32minfo[39m]: OPTIONS /api/delivery?page=0
2024-08-07T11:26:10.950Z [[32minfo[39m]: Fetched packages
2024-08-07T11:26:10.953Z [[32minfo[39m]: GET /api/delivery?page=0
2024-08-07T11:26:10.963Z [[32minfo[39m]: Fetched deliveries
2024-08-07T11:28:34.938Z [[32minfo[39m]: OPTIONS /api/package/8f17fb8a-a6d8-463b-800a-396a93057e34
2024-08-07T11:28:34.943Z [[32minfo[39m]: GET /api/package/8f17fb8a-a6d8-463b-800a-396a93057e34
2024-08-07T11:28:34.981Z [[32minfo[39m]: Fetched package with ID 8f17fb8a-a6d8-463b-800a-396a93057e34
2024-08-07T11:31:25.686Z [[32minfo[39m]: OPTIONS /api/auth/login
2024-08-07T11:31:25.693Z [[32minfo[39m]: POST /api/auth/login
2024-08-07T11:31:25.784Z [[32minfo[39m]: User znimed@gmail.com logged in successfully
2024-08-07T11:31:30.923Z [[32minfo[39m]: OPTIONS /api/package?page=0
2024-08-07T11:32:13.641Z [[32minfo[39m]: OPTIONS /api/auth/login
2024-08-07T11:32:13.645Z [[32minfo[39m]: POST /api/auth/login
2024-08-07T11:32:13.719Z [[32minfo[39m]: User znimed@gmail.com logged in successfully
2024-08-07T11:33:06.042Z [[32minfo[39m]: OPTIONS /api/package?page=0
2024-08-07T11:33:06.047Z [[32minfo[39m]: GET /api/package?page=0
2024-08-07T11:33:06.052Z [[32minfo[39m]: OPTIONS /api/delivery?page=0
2024-08-07T11:33:06.054Z [[32minfo[39m]: GET /api/delivery?page=0
2024-08-07T11:33:06.058Z [[32minfo[39m]: Fetched packages
2024-08-07T11:33:06.066Z [[32minfo[39m]: Fetched deliveries
2024-08-07T11:34:00.518Z [[32minfo[39m]: OPTIONS /api/auth/login
2024-08-07T11:34:00.522Z [[32minfo[39m]: POST /api/auth/login
2024-08-07T11:34:00.599Z [[32minfo[39m]: User znimed@gmail.com logged in successfully
2024-08-07T11:34:06.928Z [[32minfo[39m]: OPTIONS /api/package?page=0
2024-08-07T11:34:06.932Z [[32minfo[39m]: GET /api/package?page=0
2024-08-07T11:34:06.935Z [[32minfo[39m]: OPTIONS /api/delivery?page=0
2024-08-07T11:34:06.939Z [[32minfo[39m]: GET /api/delivery?page=0
2024-08-07T11:34:06.942Z [[32minfo[39m]: Fetched packages
2024-08-07T11:34:06.953Z [[32minfo[39m]: Fetched deliveries
2024-08-07T11:34:11.719Z [[32minfo[39m]: GET /api/package?page=0
2024-08-07T11:34:11.725Z [[32minfo[39m]: GET /api/delivery?page=0
2024-08-07T11:34:11.729Z [[32minfo[39m]: Fetched packages
2024-08-07T11:34:11.737Z [[32minfo[39m]: Fetched deliveries
2024-08-07T11:34:44.768Z [[32minfo[39m]: OPTIONS /api/package?page=0
2024-08-07T11:34:44.771Z [[32minfo[39m]: OPTIONS /api/delivery?page=0
2024-08-07T11:34:44.773Z [[32minfo[39m]: GET /api/package?page=0
2024-08-07T11:34:44.776Z [[32minfo[39m]: GET /api/delivery?page=0
2024-08-07T11:34:44.781Z [[32minfo[39m]: Fetched packages
2024-08-07T11:34:44.785Z [[32minfo[39m]: Fetched deliveries
2024-08-07T11:34:46.562Z [[32minfo[39m]: GET /api/package?page=0
2024-08-07T11:34:46.574Z [[32minfo[39m]: Fetched packages
2024-08-07T11:34:51.631Z [[32minfo[39m]: OPTIONS /api/package?page=0
2024-08-07T11:34:51.635Z [[32minfo[39m]: GET /api/package?page=0
2024-08-07T11:34:51.639Z [[32minfo[39m]: OPTIONS /api/delivery?page=0
2024-08-07T11:34:51.643Z [[32minfo[39m]: GET /api/delivery?page=0
2024-08-07T11:34:51.646Z [[32minfo[39m]: Fetched packages
2024-08-07T11:34:51.653Z [[32minfo[39m]: Fetched deliveries
2024-08-07T11:34:53.773Z [[32minfo[39m]: OPTIONS /api/delivery/
2024-08-07T11:34:53.776Z [[32minfo[39m]: GET /api/delivery/
2024-08-07T11:34:53.792Z [[32minfo[39m]: Fetched deliveries
2024-08-07T11:37:37.945Z [[32minfo[39m]: OPTIONS /api/delivery/36711adc-a6b2-4f3e-9a03-a26e8a2ada27
2024-08-07T11:37:37.950Z [[32minfo[39m]: GET /api/delivery/36711adc-a6b2-4f3e-9a03-a26e8a2ada27
2024-08-07T11:37:37.953Z [[33mwarn[39m]: Delivery with ID 36711adc-a6b2-4f3e-9a03-a26e8a2ada27 not found
2024-08-07T11:37:38.089Z [[32minfo[39m]: GET /api/delivery/36711adc-a6b2-4f3e-9a03-a26e8a2ada27
2024-08-07T11:37:38.094Z [[33mwarn[39m]: Delivery with ID 36711adc-a6b2-4f3e-9a03-a26e8a2ada27 not found
2024-08-07T11:49:38.846Z [[32minfo[39m]: OPTIONS /api/package/36711adc-a6b2-4f3e-9a03-a26e8a2ada27
2024-08-07T11:49:38.875Z [[32minfo[39m]: GET /api/package/36711adc-a6b2-4f3e-9a03-a26e8a2ada27
2024-08-07T11:49:38.888Z [[33mwarn[39m]: Package with ID 36711adc-a6b2-4f3e-9a03-a26e8a2ada27 not found
2024-08-07T11:49:51.360Z [[32minfo[39m]: OPTIONS /api/package?page=0
2024-08-07T11:49:51.365Z [[32minfo[39m]: GET /api/package?page=0
2024-08-07T11:49:51.372Z [[32minfo[39m]: OPTIONS /api/delivery?page=0
2024-08-07T11:49:51.378Z [[32minfo[39m]: GET /api/delivery?page=0
2024-08-07T11:49:51.382Z [[32minfo[39m]: Fetched packages
2024-08-07T11:49:51.397Z [[32minfo[39m]: Fetched deliveries
2024-08-07T11:49:55.374Z [[32minfo[39m]: GET /api/package?page=0
2024-08-07T11:49:55.380Z [[32minfo[39m]: Fetched packages
2024-08-07T11:49:55.384Z [[32minfo[39m]: GET /api/delivery?page=0
2024-08-07T11:49:55.392Z [[32minfo[39m]: Fetched deliveries
2024-08-07T12:07:35.106Z [[32minfo[39m]: OPTIONS /api/delivery/36711adc-a6b2-4f3e-9a03-a26e8a2ada27
2024-08-07T12:07:35.117Z [[32minfo[39m]: GET /api/delivery/36711adc-a6b2-4f3e-9a03-a26e8a2ada27
2024-08-07T12:07:35.124Z [[33mwarn[39m]: Delivery with ID 36711adc-a6b2-4f3e-9a03-a26e8a2ada27 not found
2024-08-07T12:07:35.130Z [[32minfo[39m]: GET /api/delivery/36711adc-a6b2-4f3e-9a03-a26e8a2ada27
2024-08-07T12:07:35.133Z [[33mwarn[39m]: Delivery with ID 36711adc-a6b2-4f3e-9a03-a26e8a2ada27 not found
2024-08-07T12:09:05.615Z [[32minfo[39m]: OPTIONS /api/delivery/36711adc-a6b2-4f3e-9a03-a26e8a2ada27
2024-08-07T12:09:05.625Z [[32minfo[39m]: GET /api/delivery/36711adc-a6b2-4f3e-9a03-a26e8a2ada27
2024-08-07T12:09:05.629Z [[33mwarn[39m]: Delivery with ID 36711adc-a6b2-4f3e-9a03-a26e8a2ada27 not found
2024-08-07T12:09:05.725Z [[32minfo[39m]: GET /api/delivery/36711adc-a6b2-4f3e-9a03-a26e8a2ada27
2024-08-07T12:09:05.734Z [[33mwarn[39m]: Delivery with ID 36711adc-a6b2-4f3e-9a03-a26e8a2ada27 not found
2024-08-07T12:10:02.329Z [[32minfo[39m]: OPTIONS /api/package?page=0
2024-08-07T12:10:02.334Z [[32minfo[39m]: GET /api/package?page=0
2024-08-07T12:10:02.345Z [[32minfo[39m]: OPTIONS /api/delivery?page=0
2024-08-07T12:10:02.350Z [[32minfo[39m]: Fetched packages
2024-08-07T12:10:02.355Z [[32minfo[39m]: GET /api/delivery?page=0
2024-08-07T12:10:02.376Z [[32minfo[39m]: Fetched deliveries
2024-08-07T12:10:10.226Z [[32minfo[39m]: OPTIONS /api/delivery/bfe36a3a-ddd2-46a9-a6eb-24883b0008f7
2024-08-07T12:10:10.230Z [[32minfo[39m]: GET /api/delivery/bfe36a3a-ddd2-46a9-a6eb-24883b0008f7
2024-08-07T12:10:10.234Z [[32minfo[39m]: Fetched delivery with ID bfe36a3a-ddd2-46a9-a6eb-24883b0008f7
2024-08-07T12:10:11.171Z [[32minfo[39m]: GET /api/delivery/bfe36a3a-ddd2-46a9-a6eb-24883b0008f7
2024-08-07T12:10:11.175Z [[32minfo[39m]: Fetched delivery with ID bfe36a3a-ddd2-46a9-a6eb-24883b0008f7
2024-08-07T12:10:52.636Z [[32minfo[39m]: OPTIONS /api/package?page=0
2024-08-07T12:10:52.647Z [[32minfo[39m]: OPTIONS /api/delivery?page=0
2024-08-07T12:10:52.659Z [[32minfo[39m]: GET /api/package?page=0
2024-08-07T12:10:52.689Z [[32minfo[39m]: GET /api/delivery?page=0
2024-08-07T12:10:52.710Z [[32minfo[39m]: Fetched packages
2024-08-07T12:10:52.716Z [[32minfo[39m]: Fetched deliveries
2024-08-07T12:11:02.156Z [[32minfo[39m]: OPTIONS /api/delivery/bfe36a3a-ddd2-46a9-a6eb-24883b0008f7
2024-08-07T12:11:02.162Z [[32minfo[39m]: GET /api/delivery/bfe36a3a-ddd2-46a9-a6eb-24883b0008f7
2024-08-07T12:11:02.168Z [[32minfo[39m]: Fetched delivery with ID bfe36a3a-ddd2-46a9-a6eb-24883b0008f7
2024-08-07T12:11:03.062Z [[32minfo[39m]: GET /api/delivery/bfe36a3a-ddd2-46a9-a6eb-24883b0008f7
2024-08-07T12:11:03.068Z [[32minfo[39m]: Fetched delivery with ID bfe36a3a-ddd2-46a9-a6eb-24883b0008f7
2024-08-07T12:11:48.171Z [[32minfo[39m]: Connection to MongoDB successful!
2024-08-07T12:12:35.848Z [[32minfo[39m]: Connection to MongoDB successful!
2024-08-07T12:12:43.343Z [[32minfo[39m]: Connection to MongoDB successful!
2024-08-07T12:13:32.042Z [[32minfo[39m]: OPTIONS /api/delivery/bfe36a3a-ddd2-46a9-a6eb-24883b0008f7
2024-08-07T12:13:32.052Z [[32minfo[39m]: GET /api/delivery/bfe36a3a-ddd2-46a9-a6eb-24883b0008f7
2024-08-07T12:13:32.124Z [[32minfo[39m]: Fetched delivery with ID bfe36a3a-ddd2-46a9-a6eb-24883b0008f7
2024-08-07T12:13:37.622Z [[32minfo[39m]: OPTIONS /api/delivery/bfe36a3a-ddd2-46a9-a6eb-24883b0008f7
2024-08-07T12:13:37.627Z [[32minfo[39m]: GET /api/delivery/bfe36a3a-ddd2-46a9-a6eb-24883b0008f7
2024-08-07T12:13:37.643Z [[32minfo[39m]: Fetched delivery with ID bfe36a3a-ddd2-46a9-a6eb-24883b0008f7
2024-08-07T12:13:45.984Z [[32minfo[39m]: OPTIONS /api/delivery/bfe36a3a-ddd2-46a9-a6eb-24883b0008f7
2024-08-07T12:13:46.023Z [[32minfo[39m]: GET /api/delivery/bfe36a3a-ddd2-46a9-a6eb-24883b0008f7
2024-08-07T12:13:46.038Z [[32minfo[39m]: Fetched delivery with ID bfe36a3a-ddd2-46a9-a6eb-24883b0008f7
2024-08-07T12:13:46.302Z [[32minfo[39m]: GET /api/delivery/bfe36a3a-ddd2-46a9-a6eb-24883b0008f7
2024-08-07T12:13:46.342Z [[32minfo[39m]: Fetched delivery with ID bfe36a3a-ddd2-46a9-a6eb-24883b0008f7
2024-08-07T12:16:29.750Z [[32minfo[39m]: OPTIONS /api/delivery/bfe36a3a-ddd2-46a9-a6eb-24883b0008f7
2024-08-07T12:16:29.758Z [[32minfo[39m]: GET /api/delivery/bfe36a3a-ddd2-46a9-a6eb-24883b0008f7
2024-08-07T12:16:29.774Z [[32minfo[39m]: Fetched delivery with ID bfe36a3a-ddd2-46a9-a6eb-24883b0008f7
2024-08-07T12:16:31.003Z [[32minfo[39m]: GET /api/delivery/bfe36a3a-ddd2-46a9-a6eb-24883b0008f7
2024-08-07T12:16:31.018Z [[32minfo[39m]: Fetched delivery with ID bfe36a3a-ddd2-46a9-a6eb-24883b0008f7
2024-08-07T12:16:33.869Z [[32minfo[39m]: GET /api/delivery/bfe36a3a-ddd2-46a9-a6eb-24883b0008f7
2024-08-07T12:16:33.878Z [[32minfo[39m]: Fetched delivery with ID bfe36a3a-ddd2-46a9-a6eb-24883b0008f7
2024-08-07T12:16:35.157Z [[32minfo[39m]: OPTIONS /api/delivery/bfe36a3a-ddd2-46a9-a6eb-24883b0008f7
2024-08-07T12:16:35.163Z [[32minfo[39m]: GET /api/delivery/bfe36a3a-ddd2-46a9-a6eb-24883b0008f7
2024-08-07T12:16:35.173Z [[32minfo[39m]: Fetched delivery with ID bfe36a3a-ddd2-46a9-a6eb-24883b0008f7
2024-08-07T12:18:11.893Z [[32minfo[39m]: OPTIONS /api/delivery/bfe36a3a-ddd2-46a9-a6eb-24883b0008f7
2024-08-07T12:18:11.985Z [[32minfo[39m]: GET /api/delivery/bfe36a3a-ddd2-46a9-a6eb-24883b0008f7
2024-08-07T12:18:11.999Z [[32minfo[39m]: Fetched delivery with ID bfe36a3a-ddd2-46a9-a6eb-24883b0008f7
2024-08-07T12:18:12.143Z [[32minfo[39m]: GET /api/delivery/bfe36a3a-ddd2-46a9-a6eb-24883b0008f7
2024-08-07T12:18:12.168Z [[32minfo[39m]: Fetched delivery with ID bfe36a3a-ddd2-46a9-a6eb-24883b0008f7
2024-08-07T12:18:19.840Z [[32minfo[39m]: OPTIONS /api/delivery/bfe36a3a-ddd2-46a9-a6eb-24883b0008f7
2024-08-07T12:18:19.882Z [[32minfo[39m]: PUT /api/delivery/bfe36a3a-ddd2-46a9-a6eb-24883b0008f7
2024-08-07T12:18:19.917Z [[32minfo[39m]: Updated delivery with ID bfe36a3a-ddd2-46a9-a6eb-24883b0008f7
2024-08-07T12:18:25.052Z [[32minfo[39m]: OPTIONS /api/delivery/bfe36a3a-ddd2-46a9-a6eb-24883b0008f7
2024-08-07T12:18:25.059Z [[32minfo[39m]: PUT /api/delivery/bfe36a3a-ddd2-46a9-a6eb-24883b0008f7
2024-08-07T12:18:25.066Z [[32minfo[39m]: Updated delivery with ID bfe36a3a-ddd2-46a9-a6eb-24883b0008f7
2024-08-07T12:18:27.630Z [[32minfo[39m]: PUT /api/delivery/bfe36a3a-ddd2-46a9-a6eb-24883b0008f7
2024-08-07T12:18:27.637Z [[32minfo[39m]: Updated delivery with ID bfe36a3a-ddd2-46a9-a6eb-24883b0008f7
2024-08-07T12:18:28.176Z [[32minfo[39m]: PUT /api/delivery/bfe36a3a-ddd2-46a9-a6eb-24883b0008f7
2024-08-07T12:18:28.182Z [[31merror[39m]: 500 - Validation failed: status: `location_changed` is not a valid enum value for path `status`.
2024-08-07T12:36:03.094Z [[32minfo[39m]: OPTIONS /api/delivery/bfe36a3a-ddd2-46a9-a6eb-24883b0008f7
2024-08-07T12:36:03.115Z [[32minfo[39m]: GET /api/delivery/bfe36a3a-ddd2-46a9-a6eb-24883b0008f7
2024-08-07T12:36:03.233Z [[32minfo[39m]: Fetched delivery with ID bfe36a3a-ddd2-46a9-a6eb-24883b0008f7
2024-08-07T12:36:03.274Z [[32minfo[39m]: GET /api/delivery/bfe36a3a-ddd2-46a9-a6eb-24883b0008f7
2024-08-07T12:36:03.335Z [[32minfo[39m]: Fetched delivery with ID bfe36a3a-ddd2-46a9-a6eb-24883b0008f7
2024-08-07T12:36:08.434Z [[32minfo[39m]: OPTIONS /api/delivery/bfe36a3a-ddd2-46a9-a6eb-24883b0008f7
2024-08-07T12:36:08.446Z [[32minfo[39m]: PUT /api/delivery/bfe36a3a-ddd2-46a9-a6eb-24883b0008f7
2024-08-07T12:36:08.479Z [[32minfo[39m]: Updated delivery with ID bfe36a3a-ddd2-46a9-a6eb-24883b0008f7
2024-08-07T12:36:30.131Z [[32minfo[39m]: OPTIONS /api/package?page=0
2024-08-07T12:36:30.139Z [[32minfo[39m]: OPTIONS /api/delivery?page=0
2024-08-07T12:36:30.144Z [[32minfo[39m]: GET /api/package?page=0
2024-08-07T12:36:30.163Z [[32minfo[39m]: GET /api/delivery?page=0
2024-08-07T12:36:30.208Z [[32minfo[39m]: Fetched packages
2024-08-07T12:36:30.221Z [[32minfo[39m]: Fetched deliveries
2024-08-07T12:36:37.122Z [[32minfo[39m]: OPTIONS /api/package/8f17fb8a-a6d8-463b-800a-396a93057e34
2024-08-07T12:36:37.130Z [[32minfo[39m]: GET /api/package/8f17fb8a-a6d8-463b-800a-396a93057e34
2024-08-07T12:36:37.140Z [[32minfo[39m]: Fetched package with ID 8f17fb8a-a6d8-463b-800a-396a93057e34
2024-08-07T12:36:39.757Z [[32minfo[39m]: OPTIONS /api/package?page=0
2024-08-07T12:36:39.763Z [[32minfo[39m]: GET /api/package?page=0
2024-08-07T12:36:39.768Z [[32minfo[39m]: OPTIONS /api/delivery?page=0
2024-08-07T12:36:39.776Z [[32minfo[39m]: GET /api/delivery?page=0
2024-08-07T12:36:39.784Z [[32minfo[39m]: Fetched packages
2024-08-07T12:36:39.807Z [[32minfo[39m]: Fetched deliveries
2024-08-07T12:37:32.739Z [[32minfo[39m]: OPTIONS /api/package?page=0
2024-08-07T12:37:32.743Z [[32minfo[39m]: OPTIONS /api/delivery?page=0
2024-08-07T12:37:32.751Z [[32minfo[39m]: GET /api/package?page=0
2024-08-07T12:37:32.757Z [[32minfo[39m]: GET /api/delivery?page=0
2024-08-07T12:37:32.792Z [[32minfo[39m]: Fetched packages
2024-08-07T12:37:32.804Z [[32minfo[39m]: Fetched deliveries
2024-08-07T12:37:39.785Z [[32minfo[39m]: OPTIONS /api/package/8f17fb8a-a6d8-463b-800a-396a93057e34
2024-08-07T12:37:39.791Z [[32minfo[39m]: GET /api/package/8f17fb8a-a6d8-463b-800a-396a93057e34
2024-08-07T12:37:39.799Z [[32minfo[39m]: Fetched package with ID 8f17fb8a-a6d8-463b-800a-396a93057e34
2024-08-07T12:58:34.878Z [[32minfo[39m]: OPTIONS /api/package?page=0
2024-08-07T12:58:34.901Z [[32minfo[39m]: OPTIONS /api/delivery?page=0
2024-08-07T12:58:34.912Z [[32minfo[39m]: GET /api/delivery?page=0
2024-08-07T12:58:34.945Z [[32minfo[39m]: GET /api/package?page=0
2024-08-07T12:58:34.970Z [[32minfo[39m]: Fetched deliveries
2024-08-07T12:58:34.983Z [[32minfo[39m]: Fetched packages
2024-08-07T12:59:00.776Z [[32minfo[39m]: OPTIONS /api/package?page=0
2024-08-07T12:59:00.781Z [[32minfo[39m]: GET /api/package?page=0
2024-08-07T12:59:00.794Z [[32minfo[39m]: OPTIONS /api/delivery?page=0
2024-08-07T12:59:00.809Z [[32minfo[39m]: Fetched packages
2024-08-07T12:59:00.812Z [[32minfo[39m]: GET /api/delivery?page=0
2024-08-07T12:59:00.818Z [[32minfo[39m]: Fetched deliveries
2024-08-07T12:59:16.681Z [[32minfo[39m]: OPTIONS /api/package/bfe36a3a-ddd2-46a9-a6eb-24883b0008f7
2024-08-07T12:59:16.693Z [[32minfo[39m]: GET /api/package/bfe36a3a-ddd2-46a9-a6eb-24883b0008f7
2024-08-07T12:59:16.699Z [[33mwarn[39m]: Package with ID bfe36a3a-ddd2-46a9-a6eb-24883b0008f7 not found
2024-08-07T12:59:28.540Z [[32minfo[39m]: OPTIONS /api/package?page=0
2024-08-07T12:59:28.750Z [[32minfo[39m]: OPTIONS /api/delivery?page=0
2024-08-07T12:59:28.753Z [[32minfo[39m]: GET /api/package?page=0
2024-08-07T12:59:28.759Z [[32minfo[39m]: GET /api/delivery?page=0
2024-08-07T12:59:28.785Z [[32minfo[39m]: Fetched packages
2024-08-07T12:59:28.806Z [[32minfo[39m]: Fetched deliveries
2024-08-07T12:59:38.534Z [[32minfo[39m]: OPTIONS /api/package/10b3faac-dcc6-4727-bd00-57d6eae65bd9
2024-08-07T12:59:38.539Z [[32minfo[39m]: GET /api/package/10b3faac-dcc6-4727-bd00-57d6eae65bd9
2024-08-07T12:59:38.550Z [[33mwarn[39m]: Package with ID 10b3faac-dcc6-4727-bd00-57d6eae65bd9 not found
2024-08-07T16:24:11.979Z [[32minfo[39m]: Connection to MongoDB successful!
2024-08-07T16:25:25.603Z [[32minfo[39m]: OPTIONS /api/auth/login
2024-08-07T16:25:25.638Z [[32minfo[39m]: POST /api/auth/login
2024-08-07T16:25:25.817Z [[32minfo[39m]: User znimed@gmail.com logged in successfully
2024-08-07T16:25:36.006Z [[32minfo[39m]: OPTIONS /api/package?page=0
2024-08-07T16:25:36.010Z [[32minfo[39m]: OPTIONS /api/delivery?page=0
2024-08-07T16:25:36.021Z [[32minfo[39m]: GET /api/package?page=0
2024-08-07T16:25:36.026Z [[32minfo[39m]: GET /api/delivery?page=0
2024-08-07T16:25:36.070Z [[32minfo[39m]: Fetched deliveries
2024-08-07T16:25:36.077Z [[32minfo[39m]: Fetched packages
2024-08-07T16:25:43.471Z [[32minfo[39m]: OPTIONS /api/package/8f17fb8a-a6d8-463b-800a-396a93057e34
2024-08-07T16:25:43.476Z [[32minfo[39m]: GET /api/package/8f17fb8a-a6d8-463b-800a-396a93057e34
2024-08-07T16:25:43.490Z [[32minfo[39m]: Fetched package with ID 8f17fb8a-a6d8-463b-800a-396a93057e34
2024-08-07T16:25:54.482Z [[32minfo[39m]: OPTIONS /api/package?page=0
2024-08-07T16:25:54.485Z [[32minfo[39m]: OPTIONS /api/delivery?page=0
2024-08-07T16:25:54.491Z [[32minfo[39m]: GET /api/package?page=0
2024-08-07T16:25:54.496Z [[32minfo[39m]: GET /api/delivery?page=0
2024-08-07T16:25:54.503Z [[32minfo[39m]: Fetched packages
2024-08-07T16:25:54.507Z [[32minfo[39m]: Fetched deliveries
2024-08-07T16:26:01.642Z [[32minfo[39m]: OPTIONS /api/package/8dfbbc72-ce97-43c9-925b-1503ab3b29da
2024-08-07T16:26:01.646Z [[32minfo[39m]: GET /api/package/8dfbbc72-ce97-43c9-925b-1503ab3b29da
2024-08-07T16:26:01.659Z [[32minfo[39m]: Fetched package with ID 8dfbbc72-ce97-43c9-925b-1503ab3b29da
2024-08-07T16:27:05.801Z [[32minfo[39m]: OPTIONS /api/package/8dfbbc72-ce97-43c9-925b-1503ab3b29da
2024-08-07T16:27:05.805Z [[32minfo[39m]: GET /api/package/8dfbbc72-ce97-43c9-925b-1503ab3b29da
2024-08-07T16:27:05.811Z [[32minfo[39m]: Fetched package with ID 8dfbbc72-ce97-43c9-925b-1503ab3b29da
2024-08-07T16:57:26.780Z [[32minfo[39m]: OPTIONS /api/package?page=0
2024-08-07T16:57:26.788Z [[32minfo[39m]: OPTIONS /api/delivery?page=0
2024-08-07T16:57:26.795Z [[32minfo[39m]: GET /api/package?page=0
2024-08-07T16:57:26.803Z [[32minfo[39m]: GET /api/delivery?page=0
2024-08-07T16:57:26.816Z [[32minfo[39m]: Fetched packages
2024-08-07T16:57:26.824Z [[32minfo[39m]: Fetched deliveries
2024-08-07T16:57:34.184Z [[32minfo[39m]: OPTIONS /api/package/70c97115-de59-4d6f-85c2-d243a597dd67
2024-08-07T16:57:34.189Z [[32minfo[39m]: GET /api/package/70c97115-de59-4d6f-85c2-d243a597dd67
2024-08-07T16:57:34.201Z [[32minfo[39m]: Fetched package with ID 70c97115-de59-4d6f-85c2-d243a597dd67
2024-08-07T17:11:52.426Z [[32minfo[39m]: OPTIONS /api/package?page=0
2024-08-07T17:11:52.430Z [[32minfo[39m]: OPTIONS /api/delivery?page=0
2024-08-07T17:11:52.441Z [[32minfo[39m]: GET /api/package?page=0
2024-08-07T17:11:52.444Z [[32minfo[39m]: GET /api/delivery?page=0
2024-08-07T17:11:52.458Z [[32minfo[39m]: Fetched packages
2024-08-07T17:11:52.462Z [[32minfo[39m]: Fetched deliveries
2024-08-07T17:12:01.875Z [[32minfo[39m]: OPTIONS /api/package/8f17fb8a-a6d8-463b-800a-396a93057e34
2024-08-07T17:12:01.880Z [[32minfo[39m]: GET /api/package/8f17fb8a-a6d8-463b-800a-396a93057e34
2024-08-07T17:12:01.887Z [[32minfo[39m]: Fetched package with ID 8f17fb8a-a6d8-463b-800a-396a93057e34
2024-08-07T17:12:32.412Z [[32minfo[39m]: OPTIONS /api/package?page=0
2024-08-07T17:12:32.418Z [[32minfo[39m]: OPTIONS /api/delivery?page=0
2024-08-07T17:12:32.426Z [[32minfo[39m]: GET /api/package?page=0
2024-08-07T17:12:32.428Z [[32minfo[39m]: GET /api/delivery?page=0
2024-08-07T17:12:32.437Z [[32minfo[39m]: Fetched packages
2024-08-07T17:12:32.443Z [[32minfo[39m]: Fetched deliveries
2024-08-07T17:12:39.685Z [[32minfo[39m]: OPTIONS /api/package/70c97115-de59-4d6f-85c2-d243a597dd67
2024-08-07T17:12:39.713Z [[32minfo[39m]: GET /api/package/70c97115-de59-4d6f-85c2-d243a597dd67
2024-08-07T17:12:39.720Z [[32minfo[39m]: Fetched package with ID 70c97115-de59-4d6f-85c2-d243a597dd67
2024-08-07T17:13:28.876Z [[32minfo[39m]: OPTIONS /api/package/70c97115-de59-4d6f-85c2-d243a597dd67
2024-08-07T17:13:28.923Z [[32minfo[39m]: GET /api/package/70c97115-de59-4d6f-85c2-d243a597dd67
2024-08-07T17:13:28.932Z [[32minfo[39m]: Fetched package with ID 70c97115-de59-4d6f-85c2-d243a597dd67
2024-08-07T17:14:11.097Z [[32minfo[39m]: OPTIONS /api/package/70c97115-de59-4d6f-85c2-d243a597dd67
2024-08-07T17:14:11.134Z [[32minfo[39m]: GET /api/package/70c97115-de59-4d6f-85c2-d243a597dd67
2024-08-07T17:14:11.143Z [[32minfo[39m]: Fetched package with ID 70c97115-de59-4d6f-85c2-d243a597dd67
2024-08-07T17:17:53.013Z [[32minfo[39m]: OPTIONS /api/package?page=0
2024-08-07T17:17:53.021Z [[32minfo[39m]: OPTIONS /api/delivery?page=0
2024-08-07T17:17:53.030Z [[32minfo[39m]: GET /api/package?page=0
2024-08-07T17:17:53.034Z [[32minfo[39m]: GET /api/delivery?page=0
2024-08-07T17:17:53.050Z [[32minfo[39m]: Fetched packages
2024-08-07T17:17:53.054Z [[32minfo[39m]: Fetched deliveries
2024-08-07T17:18:02.381Z [[32minfo[39m]: OPTIONS /api/package/70c97115-de59-4d6f-85c2-d243a597dd67
2024-08-07T17:18:02.385Z [[32minfo[39m]: GET /api/package/70c97115-de59-4d6f-85c2-d243a597dd67
2024-08-07T17:18:02.393Z [[32minfo[39m]: Fetched package with ID 70c97115-de59-4d6f-85c2-d243a597dd67
2024-08-07T17:19:20.672Z [[32minfo[39m]: OPTIONS /api/package?page=0
2024-08-07T17:19:20.680Z [[32minfo[39m]: OPTIONS /api/delivery?page=0
2024-08-07T17:19:20.683Z [[32minfo[39m]: GET /api/package?page=0
2024-08-07T17:19:20.688Z [[32minfo[39m]: GET /api/delivery?page=0
2024-08-07T17:19:20.698Z [[32minfo[39m]: Fetched packages
2024-08-07T17:19:20.703Z [[32minfo[39m]: Fetched deliveries
2024-08-07T17:22:03.417Z [[32minfo[39m]: OPTIONS /api/package?page=0
2024-08-07T17:22:03.430Z [[32minfo[39m]: OPTIONS /api/delivery?page=0
2024-08-07T17:22:03.432Z [[32minfo[39m]: GET /api/package?page=0
2024-08-07T17:22:03.435Z [[32minfo[39m]: GET /api/delivery?page=0
2024-08-07T17:22:03.445Z [[32minfo[39m]: Fetched packages
2024-08-07T17:22:03.450Z [[32minfo[39m]: Fetched deliveries
2024-08-07T17:22:15.051Z [[32minfo[39m]: OPTIONS /api/auth/login
2024-08-07T17:22:15.062Z [[32minfo[39m]: POST /api/auth/login
2024-08-07T17:22:15.156Z [[32minfo[39m]: User znimed@gmail.com logged in successfully
2024-08-07T17:22:22.741Z [[32minfo[39m]: OPTIONS /api/package?page=0
2024-08-07T17:22:22.744Z [[32minfo[39m]: OPTIONS /api/delivery?page=0
2024-08-07T17:22:22.748Z [[32minfo[39m]: GET /api/package?page=0
2024-08-07T17:22:22.751Z [[32minfo[39m]: GET /api/delivery?page=0
2024-08-07T17:22:22.758Z [[32minfo[39m]: Fetched packages
2024-08-07T17:22:22.762Z [[32minfo[39m]: Fetched deliveries
2024-08-07T17:53:04.609Z [[32minfo[39m]: OPTIONS /api/package?page=0
2024-08-07T17:53:04.615Z [[32minfo[39m]: OPTIONS /api/delivery?page=0
2024-08-07T17:53:04.619Z [[32minfo[39m]: GET /api/package?page=0
2024-08-07T17:53:04.622Z [[32minfo[39m]: GET /api/delivery?page=0
2024-08-07T17:53:04.629Z [[32minfo[39m]: Fetched packages
2024-08-07T17:53:04.636Z [[32minfo[39m]: Fetched deliveries
2024-08-07T17:54:25.850Z [[32minfo[39m]: OPTIONS /api/package?page=0
2024-08-07T17:54:25.871Z [[32minfo[39m]: OPTIONS /api/delivery?page=0
2024-08-07T17:54:25.924Z [[32minfo[39m]: GET /api/package?page=0
2024-08-07T17:54:25.935Z [[32minfo[39m]: GET /api/delivery?page=0
2024-08-07T17:54:25.942Z [[32minfo[39m]: Fetched packages
2024-08-07T17:54:25.949Z [[32minfo[39m]: Fetched deliveries
2024-08-07T17:54:30.860Z [[32minfo[39m]: GET /api/package?page=0
2024-08-07T17:54:30.869Z [[32minfo[39m]: GET /api/delivery?page=0
2024-08-07T17:54:30.894Z [[32minfo[39m]: Fetched packages
2024-08-07T17:54:30.900Z [[32minfo[39m]: Fetched deliveries
2024-08-07T17:54:45.860Z [[32minfo[39m]: OPTIONS /api/auth/login
2024-08-07T17:54:45.865Z [[32minfo[39m]: POST /api/auth/login
2024-08-07T17:54:45.950Z [[32minfo[39m]: User znimed@gmail.com logged in successfully
2024-08-07T17:55:48.085Z [[32minfo[39m]: OPTIONS /api/auth/login
2024-08-07T17:55:48.120Z [[32minfo[39m]: POST /api/auth/login
2024-08-07T17:55:48.234Z [[32minfo[39m]: User znimed@gmail.com logged in successfully
2024-08-07T17:57:04.544Z [[32minfo[39m]: OPTIONS /api/package?page=0
2024-08-07T17:57:04.550Z [[32minfo[39m]: OPTIONS /api/delivery?page=0
2024-08-07T17:57:04.553Z [[32minfo[39m]: GET /api/package?page=0
2024-08-07T17:57:04.556Z [[32minfo[39m]: GET /api/delivery?page=0
2024-08-07T17:57:04.562Z [[32minfo[39m]: Fetched packages
2024-08-07T17:57:15.485Z [[32minfo[39m]: OPTIONS /api/package?page=0
2024-08-07T17:57:15.493Z [[32minfo[39m]: OPTIONS /api/delivery?page=0
2024-08-07T17:57:15.501Z [[32minfo[39m]: GET /api/package?page=0
2024-08-07T17:57:15.504Z [[32minfo[39m]: GET /api/delivery?page=0
2024-08-07T17:57:15.509Z [[32minfo[39m]: Fetched packages
2024-08-07T17:59:35.349Z [[32minfo[39m]: OPTIONS /api/package?page=0
2024-08-07T17:59:35.355Z [[32minfo[39m]: OPTIONS /api/delivery?page=0
2024-08-07T17:59:35.362Z [[32minfo[39m]: GET /api/package?page=0
2024-08-07T17:59:35.367Z [[32minfo[39m]: GET /api/delivery?page=0
2024-08-07T17:59:35.377Z [[32minfo[39m]: Fetched packages
2024-08-07T18:14:50.409Z [[32minfo[39m]: OPTIONS /api/package?page=0
2024-08-07T18:14:50.412Z [[32minfo[39m]: OPTIONS /api/delivery?page=0
2024-08-07T18:14:50.413Z [[32minfo[39m]: GET /api/package?page=0
2024-08-07T18:14:50.419Z [[32minfo[39m]: GET /api/delivery?page=0
2024-08-07T18:14:50.424Z [[32minfo[39m]: Fetched packages
2024-08-07T18:15:14.820Z [[32minfo[39m]: OPTIONS /api/package?page=0
2024-08-07T18:15:14.827Z [[32minfo[39m]: OPTIONS /api/delivery?page=0
2024-08-07T18:15:14.844Z [[32minfo[39m]: GET /api/package?page=0
2024-08-07T18:15:14.847Z [[32minfo[39m]: GET /api/delivery?page=0
2024-08-07T18:15:14.854Z [[32minfo[39m]: Fetched packages
2024-08-07T18:15:17.317Z [[32minfo[39m]: GET /api/package?page=0
2024-08-07T18:15:17.319Z [[32minfo[39m]: GET /api/delivery?page=0
2024-08-07T18:15:17.324Z [[32minfo[39m]: Fetched packages
2024-08-07T18:15:32.076Z [[32minfo[39m]: OPTIONS /api/package?page=0
2024-08-07T18:15:32.080Z [[32minfo[39m]: GET /api/package?page=0
2024-08-07T18:15:32.088Z [[32minfo[39m]: Fetched packages
2024-08-07T18:15:32.103Z [[32minfo[39m]: OPTIONS /api/delivery?page=0
2024-08-07T18:15:32.110Z [[32minfo[39m]: GET /api/delivery?page=0
2024-08-07T18:26:03.844Z [[32minfo[39m]: OPTIONS /api/package?page=0
2024-08-07T18:26:03.848Z [[32minfo[39m]: OPTIONS /api/delivery?page=0
2024-08-07T18:26:03.851Z [[32minfo[39m]: GET /api/package?page=0
2024-08-07T18:26:03.859Z [[32minfo[39m]: GET /api/delivery?page=0
2024-08-07T18:26:03.864Z [[32minfo[39m]: Fetched packages
2024-08-07T18:27:29.623Z [[32minfo[39m]: OPTIONS /api/package
2024-08-07T18:27:29.634Z [[32minfo[39m]: POST /api/package
2024-08-07T18:27:29.762Z [[32minfo[39m]: Package created with ID: b629aae5-ba7f-4ea7-a5fd-761a957274e0
2024-08-07T18:27:34.072Z [[32minfo[39m]: OPTIONS /api/package?page=0
2024-08-07T18:27:34.106Z [[32minfo[39m]: OPTIONS /api/delivery?page=0
2024-08-07T18:27:34.120Z [[32minfo[39m]: GET /api/package?page=0
2024-08-07T18:27:34.125Z [[32minfo[39m]: GET /api/delivery?page=0
2024-08-07T18:27:34.137Z [[32minfo[39m]: Fetched packages
2024-08-07T18:53:30.373Z [[32minfo[39m]: OPTIONS /api/package?page=0
2024-08-07T18:53:30.395Z [[32minfo[39m]: GET /api/package?page=0
2024-08-07T18:53:30.402Z [[32minfo[39m]: OPTIONS /api/delivery?page=0
2024-08-07T18:53:30.412Z [[32minfo[39m]: GET /api/delivery?page=0
2024-08-07T18:53:30.421Z [[32minfo[39m]: Fetched packages
